This is LuaHBTeX, Version 1.12.0 (TeX Live 2020)  (format=lualatex 2020.6.6)  1 MAR 2026 15:30
 system commands enabled.
 file:line:error style messages enabled.
**/home/vincent/vsc/BOOK/__latexindent_temp
(/home/vincent/vsc/BOOK/__latexindent_temp.tex
LaTeX2e <2020-02-02> patch level 5
Lua module: luaotfload-main 2020-05-06 3.14 luaotfload entry point
Lua module: luaotfload-init 2020-05-06 3.14 luaotfload submodule / initialization
Lua module: lualibs 2020-05-01 2.71 ConTeXt Lua standard libraries.
Lua module: lualibs-extended 2020-05-01 2.71 ConTeXt Lua libraries -- extended collection.
Lua module: luaotfload-log 2020-05-06 3.14 luaotfload submodule / logging
Lua module: luaotfload-parsers 2020-05-06 3.14 luaotfload submodule / filelist
Lua module: luaotfload-configuration 2020-05-06 3.14 luaotfload submodule / config file reader
luaotfload | conf : Root cache directory is "/home/vincent/.texlive2020/texmf-var/luatex-cache/generic-dev/names".
luaotfload | init : Loading fontloader "fontloader-2020-05-06.lua" from kpse-resolved path "/usr/local/texlive/2020/texmf-dist/tex/luatex/luaotfload/fontloader-2020-05-06.lua".
Lua-only attribute luaotfload@noligature = 1
Lua-only attribute luaotfload@syllabe = 2
luaotfload | init : Context OpenType loader version 0x1.8e353f7ced917p+1
Lua module: luaotfload-fallback 2020-05-06 3.14 luaotfload submodule / fallback
Lua module: luaotfload-multiscript 2020-05-06 3.14 luaotfload submodule / multiscript
Lua module: luaotfload-script 2020-05-06 3.14 luaotfload submodule / Script helpers
Inserting `luaotfload.node_processor' at position 1 in `pre_linebreak_filter'.
Inserting `luaotfload.node_processor' at position 1 in `hpack_filter'.
Lua module: luaotfload-loaders 2020-05-06 3.14 luaotfload submodule / callback handling
Inserting `luaotfload.define_font' at position 1 in `define_font'.
Lua module: luaotfload-database 2020-05-06 3.14 luaotfload submodule / database
Lua module: luaotfload-unicode 2020-05-06 3.14 luaotfload submodule / Unicode helpers
Lua module: luaotfload-colors 2020-05-06 3.14 luaotfload submodule / color
Lua-only attribute luaotfload_color_attribute = 3
Lua module: luaotfload-resolvers 2020-05-06 3.14 luaotfload submodule / resolvers
luaotfload | conf : Root cache directory is "/home/vincent/.texlive2020/texmf-var/luatex-cache/generic-dev/names".
Lua module: luaotfload-features 2020-05-06 3.14 luaotfload submodule / features
Lua module: luaotfload-harf-define 2020-05-06 3.14 luaotfload submodule / database
Inserting `luaotfload.harf.strip_prefix' at position 1 in `find_opentype_file'.
Inserting `luaotfload.harf.strip_prefix' at position 1 in `find_truetype_file'.
Lua module: luaotfload-harf-plug 2020-05-06 3.14 luaotfload submodule / database
Inserting `Harf pre_output_filter callback' at position 1 in `pre_output_filter'.
Inserting `Harf wrapup_run callback' at position 1 in `wrapup_run'.
Inserting `Harf finish_pdffile callback' at position 1 in `finish_pdffile'.
Inserting `Harf glyph_info callback' at position 1 in `glyph_info'.
Lua module: luaotfload-letterspace 2020-05-06 3.14 luaotfload submodule / color
Lua module: luaotfload-embolden 2020-05-06 3.14 luaotfload submodule / color
Lua module: luaotfload-notdef 2020-05-06 3.14 luaotfload submodule / color
Lua module: luaotfload-suppress 2020-05-06 3.14 luaotfload submodule / suppress
Lua module: luaotfload-szss 2020-05-06 3.14 luaotfload submodule / color
Lua module: luaotfload-auxiliary 2020-05-06 3.14 luaotfload submodule / auxiliary functions
Inserting `luaotfload.aux.set_sscale_dimens' at position 1 in `luaotfload.patch_font'.
Inserting `luaotfload.aux.set_font_index' at position 2 in `luaotfload.patch_font'.
Inserting `luaotfload.aux.patch_cambria_domh' at position 3 in `luaotfload.patch_font'.
Inserting `luaotfload.aux.fixup_fontdata' at position 1 in `luaotfload.patch_font_unsafe'.
Inserting `luaotfload.aux.set_capheight' at position 4 in `luaotfload.patch_font'.
Inserting `luaotfload.aux.set_xheight' at position 5 in `luaotfload.patch_font'.
Lua module: luaotfload-tounicode 2020-05-06 3.14 luaotfload submodule / tounicode
Inserting `luaotfload.rewrite_fontname' at position 6 in `luaotfload.patch_font'. L3 programming layer <2020-06-03> (/usr/local/texlive/2020/texmf-dist/tex/latex/base/book.cls
Document Class: book 2019/12/20 v1.4l Standard LaTeX document class
(/usr/local/texlive/2020/texmf-dist/tex/latex/base/bk11.clo
File: bk11.clo 2019/12/20 v1.4l Standard LaTeX file (size option)
luaotfload | db : Font names database loaded from /home/vincent/.texlive2020/texmf-var/luatex-cache/generic-dev/names/luaotfload-names.luc)
\c@part=\count163
\c@chapter=\count164
\c@section=\count165
\c@subsection=\count166
\c@subsubsection=\count167
\c@paragraph=\count168
\c@subparagraph=\count169
\c@figure=\count170
\c@table=\count171
\abovecaptionskip=\skip47
\belowcaptionskip=\skip48
\bibindent=\dimen134
) (/usr/local/texlive/2020/texmf-dist/tex/latex/base/fontenc.sty
Package: fontenc 2020/02/11 v2.0o Standard LaTeX package
 (/usr/local/texlive/2020/texmf-dist/tex/latex/greek-fontenc/lgrenc.def
File: lgrenc.def 2019/07/09 v0.13.3 LGR Greek font encoding definitions
 (/usr/local/texlive/2020/texmf-dist/tex/latex/greek-fontenc/greek-fontenc.def
File: greek-fontenc.def 2015/08/04 v0.13.4 Common Greek font encoding definitions
))
LaTeX Font Info:    Trying to load font information for T1+lmr on input line 112.
 (/usr/local/texlive/2020/texmf-dist/tex/latex/lm/t1lmr.fd
File: t1lmr.fd 2009/10/30 v1.6 Font defs for Latin Modern
)) (/usr/local/texlive/2020/texmf-dist/tex/latex/base/textcomp.sty
Package: textcomp 2020/02/02 v2.0n Standard LaTeX package
) (/usr/local/texlive/2020/texmf-dist/tex/latex/preprint/fullpage.sty
Package: fullpage 1999/02/23 1.1 (PWD)
\FP@margin=\skip49
) (/usr/local/texlive/2020/texmf-dist/tex/latex/url/url.sty
\Urlmuskip=\muskip16
Package: url 2013/09/16  ver 3.4  Verb mode for urls, etc.
) (/usr/local/texlive/2020/texmf-dist/tex/latex/graphics/graphicx.sty
Package: graphicx 2019/11/30 v1.2a Enhanced LaTeX Graphics (DPC,SPQR)
 (/usr/local/texlive/2020/texmf-dist/tex/latex/graphics/keyval.sty
Package: keyval 2014/10/28 v1.15 key=value parser (DPC)
\KV@toks@=\toks15
) (/usr/local/texlive/2020/texmf-dist/tex/latex/graphics/graphics.sty
Package: graphics 2019/11/30 v1.4a Standard LaTeX Graphics (DPC,SPQR)
 (/usr/local/texlive/2020/texmf-dist/tex/latex/graphics/trig.sty
Package: trig 2016/01/03 v1.10 sin cos tan (DPC)
) (/usr/local/texlive/2020/texmf-dist/tex/latex/graphics-cfg/graphics.cfg
File: graphics.cfg 2016/06/04 v1.11 sample graphics configuration
)
Package graphics Info: Driver file: luatex.def on input line 105.
 (/usr/local/texlive/2020/texmf-dist/tex/latex/graphics-def/luatex.def
File: luatex.def 2018/01/08 v1.0l Graphics/color driver for luatex
))
\Gin@req@height=\dimen135
\Gin@req@width=\dimen136
) (/usr/local/texlive/2020/texmf-dist/tex/latex/pgf/frontendlayer/tikz.sty (/usr/local/texlive/2020/texmf-dist/tex/latex/pgf/basiclayer/pgf.sty (/usr/local/texlive/2020/texmf-dist/tex/latex/pgf/utilities/pgfrcs.sty (/usr/local/texlive/2020/texmf-dist/tex/generic/pgf/utilities/pgfutil-common.tex
\pgfutil@everybye=\toks16
\pgfutil@tempdima=\dimen137
\pgfutil@tempdimb=\dimen138
 (/usr/local/texlive/2020/texmf-dist/tex/generic/pgf/utilities/pgfutil-common-lists.tex)) (/usr/local/texlive/2020/texmf-dist/tex/generic/pgf/utilities/pgfutil-latex.def
\pgfutil@abb=\box45
 (/usr/local/texlive/2020/texmf-dist/tex/latex/ms/everyshi.sty
Package: everyshi 2001/05/15 v3.00 EveryShipout Package (MS)
)) (/usr/local/texlive/2020/texmf-dist/tex/generic/pgf/utilities/pgfrcs.code.tex (/usr/local/texlive/2020/texmf-dist/tex/generic/pgf/pgf.revision.tex)
Package: pgfrcs 2020/01/08 v3.1.5b (3.1.5b)
))
Package: pgf 2020/01/08 v3.1.5b (3.1.5b)
 (/usr/local/texlive/2020/texmf-dist/tex/latex/pgf/basiclayer/pgfcore.sty (/usr/local/texlive/2020/texmf-dist/tex/latex/pgf/systemlayer/pgfsys.sty (/usr/local/texlive/2020/texmf-dist/tex/generic/pgf/systemlayer/pgfsys.code.tex
Package: pgfsys 2020/01/08 v3.1.5b (3.1.5b)
 (/usr/local/texlive/2020/texmf-dist/tex/generic/pgf/utilities/pgfkeys.code.tex
\pgfkeys@pathtoks=\toks17
\pgfkeys@temptoks=\toks18
 (/usr/local/texlive/2020/texmf-dist/tex/generic/pgf/utilities/pgfkeysfiltered.code.tex
\pgfkeys@tmptoks=\toks19
))
\pgf@x=\dimen139
\pgf@y=\dimen140
\pgf@xa=\dimen141
\pgf@ya=\dimen142
\pgf@xb=\dimen143
\pgf@yb=\dimen144
\pgf@xc=\dimen145
\pgf@yc=\dimen146
\pgf@xd=\dimen147
\pgf@yd=\dimen148
\w@pgf@writea=\write3
\r@pgf@reada=\read2
\c@pgf@counta=\count172
\c@pgf@countb=\count173
\c@pgf@countc=\count174
\c@pgf@countd=\count175
\t@pgf@toka=\toks20
\t@pgf@tokb=\toks21
\t@pgf@tokc=\toks22
\pgf@sys@id@count=\count176
 (/usr/local/texlive/2020/texmf-dist/tex/generic/pgf/systemlayer/pgf.cfg
File: pgf.cfg 2020/01/08 v3.1.5b (3.1.5b)
)
Driver file for pgf: pgfsys-luatex.def
 (/usr/local/texlive/2020/texmf-dist/tex/generic/pgf/systemlayer/pgfsys-luatex.def
File: pgfsys-luatex.def 2020/01/08 v3.1.5b (3.1.5b)
 (/usr/local/texlive/2020/texmf-dist/tex/generic/pgf/systemlayer/pgfsys-common-pdf.def
File: pgfsys-common-pdf.def 2020/01/08 v3.1.5b (3.1.5b)
))) (/usr/local/texlive/2020/texmf-dist/tex/generic/pgf/systemlayer/pgfsyssoftpath.code.tex
File: pgfsyssoftpath.code.tex 2020/01/08 v3.1.5b (3.1.5b)
\pgfsyssoftpath@smallbuffer@items=\count177
\pgfsyssoftpath@bigbuffer@items=\count178
) (/usr/local/texlive/2020/texmf-dist/tex/generic/pgf/systemlayer/pgfsysprotocol.code.tex
File: pgfsysprotocol.code.tex 2020/01/08 v3.1.5b (3.1.5b)
)) (/usr/local/texlive/2020/texmf-dist/tex/latex/xcolor/xcolor.sty
Package: xcolor 2016/05/11 v2.12 LaTeX color extensions (UK)
 (/usr/local/texlive/2020/texmf-dist/tex/latex/graphics-cfg/color.cfg
File: color.cfg 2016/01/02 v1.6 sample color configuration
)
Package xcolor Info: Driver file: luatex.def on input line 225.
Package xcolor Info: Model `cmy' substituted by `cmy0' on input line 1348.
Package xcolor Info: Model `hsb' substituted by `rgb' on input line 1352.
Package xcolor Info: Model `RGB' extended on input line 1364.
Package xcolor Info: Model `HTML' substituted by `rgb' on input line 1366.
Package xcolor Info: Model `Hsb' substituted by `hsb' on input line 1367.
Package xcolor Info: Model `tHsb' substituted by `hsb' on input line 1368.
Package xcolor Info: Model `HSB' substituted by `hsb' on input line 1369.
Package xcolor Info: Model `Gray' substituted by `gray' on input line 1370.
Package xcolor Info: Model `wave' substituted by `hsb' on input line 1371.
) (/usr/local/texlive/2020/texmf-dist/tex/generic/pgf/basiclayer/pgfcore.code.tex
Package: pgfcore 2020/01/08 v3.1.5b (3.1.5b)
 (/usr/local/texlive/2020/texmf-dist/tex/generic/pgf/math/pgfmath.code.tex (/usr/local/texlive/2020/texmf-dist/tex/generic/pgf/math/pgfmathcalc.code.tex (/usr/local/texlive/2020/texmf-dist/tex/generic/pgf/math/pgfmathutil.code.tex) (/usr/local/texlive/2020/texmf-dist/tex/generic/pgf/math/pgfmathparser.code.tex
\pgfmath@dimen=\dimen149
\pgfmath@count=\count179
\pgfmath@box=\box46
\pgfmath@toks=\toks23
\pgfmath@stack@operand=\toks24
\pgfmath@stack@operation=\toks25
) (/usr/local/texlive/2020/texmf-dist/tex/generic/pgf/math/pgfmathfunctions.code.tex (/usr/local/texlive/2020/texmf-dist/tex/generic/pgf/math/pgfmathfunctions.basic.code.tex) (/usr/local/texlive/2020/texmf-dist/tex/generic/pgf/math/pgfmathfunctions.trigonometric.code.tex) (/usr/local/texlive/2020/texmf-dist/tex/generic/pgf/math/pgfmathfunctions.random.code.tex) (/usr/local/texlive/2020/texmf-dist/tex/generic/pgf/math/pgfmathfunctions.comparison.code.tex) (/usr/local/texlive/2020/texmf-dist/tex/generic/pgf/math/pgfmathfunctions.base.code.tex) (/usr/local/texlive/2020/texmf-dist/tex/generic/pgf/math/pgfmathfunctions.round.code.tex) (/usr/local/texlive/2020/texmf-dist/tex/generic/pgf/math/pgfmathfunctions.misc.code.tex) (/usr/local/texlive/2020/texmf-dist/tex/generic/pgf/math/pgfmathfunctions.integerarithmetics.code.tex))) (/usr/local/texlive/2020/texmf-dist/tex/generic/pgf/math/pgfmathfloat.code.tex
\c@pgfmathroundto@lastzeros=\count180
)) (/usr/local/texlive/2020/texmf-dist/tex/generic/pgf/math/pgfint.code.tex) (/usr/local/texlive/2020/texmf-dist/tex/generic/pgf/basiclayer/pgfcorepoints.code.tex
File: pgfcorepoints.code.tex 2020/01/08 v3.1.5b (3.1.5b)
\pgf@picminx=\dimen150
\pgf@picmaxx=\dimen151
\pgf@picminy=\dimen152
\pgf@picmaxy=\dimen153
\pgf@pathminx=\dimen154
\pgf@pathmaxx=\dimen155
\pgf@pathminy=\dimen156
\pgf@pathmaxy=\dimen157
\pgf@xx=\dimen158
\pgf@xy=\dimen159
\pgf@yx=\dimen160
\pgf@yy=\dimen161
\pgf@zx=\dimen162
\pgf@zy=\dimen163
) (/usr/local/texlive/2020/texmf-dist/tex/generic/pgf/basiclayer/pgfcorepathconstruct.code.tex
File: pgfcorepathconstruct.code.tex 2020/01/08 v3.1.5b (3.1.5b)
\pgf@path@lastx=\dimen164
\pgf@path@lasty=\dimen165
) (/usr/local/texlive/2020/texmf-dist/tex/generic/pgf/basiclayer/pgfcorepathusage.code.tex
File: pgfcorepathusage.code.tex 2020/01/08 v3.1.5b (3.1.5b)
\pgf@shorten@end@additional=\dimen166
\pgf@shorten@start@additional=\dimen167
) (/usr/local/texlive/2020/texmf-dist/tex/generic/pgf/basiclayer/pgfcorescopes.code.tex
File: pgfcorescopes.code.tex 2020/01/08 v3.1.5b (3.1.5b)
\pgfpic=\box47
\pgf@hbox=\box48
\pgf@layerbox@main=\box49
\pgf@picture@serial@count=\count181
) (/usr/local/texlive/2020/texmf-dist/tex/generic/pgf/basiclayer/pgfcoregraphicstate.code.tex
File: pgfcoregraphicstate.code.tex 2020/01/08 v3.1.5b (3.1.5b)
\pgflinewidth=\dimen168
) (/usr/local/texlive/2020/texmf-dist/tex/generic/pgf/basiclayer/pgfcoretransformations.code.tex
File: pgfcoretransformations.code.tex 2020/01/08 v3.1.5b (3.1.5b)
\pgf@pt@x=\dimen169
\pgf@pt@y=\dimen170
\pgf@pt@temp=\dimen171
) (/usr/local/texlive/2020/texmf-dist/tex/generic/pgf/basiclayer/pgfcorequick.code.tex
File: pgfcorequick.code.tex 2020/01/08 v3.1.5b (3.1.5b)
) (/usr/local/texlive/2020/texmf-dist/tex/generic/pgf/basiclayer/pgfcoreobjects.code.tex
File: pgfcoreobjects.code.tex 2020/01/08 v3.1.5b (3.1.5b)
) (/usr/local/texlive/2020/texmf-dist/tex/generic/pgf/basiclayer/pgfcorepathprocessing.code.tex
File: pgfcorepathprocessing.code.tex 2020/01/08 v3.1.5b (3.1.5b)
) (/usr/local/texlive/2020/texmf-dist/tex/generic/pgf/basiclayer/pgfcorearrows.code.tex
File: pgfcorearrows.code.tex 2020/01/08 v3.1.5b (3.1.5b)
\pgfarrowsep=\dimen172
) (/usr/local/texlive/2020/texmf-dist/tex/generic/pgf/basiclayer/pgfcoreshade.code.tex
File: pgfcoreshade.code.tex 2020/01/08 v3.1.5b (3.1.5b)
\pgf@max=\dimen173
\pgf@sys@shading@range@num=\count182
\pgf@shadingcount=\count183
) (/usr/local/texlive/2020/texmf-dist/tex/generic/pgf/basiclayer/pgfcoreimage.code.tex
File: pgfcoreimage.code.tex 2020/01/08 v3.1.5b (3.1.5b)
 (/usr/local/texlive/2020/texmf-dist/tex/generic/pgf/basiclayer/pgfcoreexternal.code.tex
File: pgfcoreexternal.code.tex 2020/01/08 v3.1.5b (3.1.5b)
\pgfexternal@startupbox=\box50
)) (/usr/local/texlive/2020/texmf-dist/tex/generic/pgf/basiclayer/pgfcorelayers.code.tex
File: pgfcorelayers.code.tex 2020/01/08 v3.1.5b (3.1.5b)
) (/usr/local/texlive/2020/texmf-dist/tex/generic/pgf/basiclayer/pgfcoretransparency.code.tex
File: pgfcoretransparency.code.tex 2020/01/08 v3.1.5b (3.1.5b)
) (/usr/local/texlive/2020/texmf-dist/tex/generic/pgf/basiclayer/pgfcorepatterns.code.tex
File: pgfcorepatterns.code.tex 2020/01/08 v3.1.5b (3.1.5b)
) (/usr/local/texlive/2020/texmf-dist/tex/generic/pgf/basiclayer/pgfcorerdf.code.tex
File: pgfcorerdf.code.tex 2020/01/08 v3.1.5b (3.1.5b)
))) (/usr/local/texlive/2020/texmf-dist/tex/generic/pgf/modules/pgfmoduleshapes.code.tex
File: pgfmoduleshapes.code.tex 2020/01/08 v3.1.5b (3.1.5b)
\pgfnodeparttextbox=\box51
) (/usr/local/texlive/2020/texmf-dist/tex/generic/pgf/modules/pgfmoduleplot.code.tex
File: pgfmoduleplot.code.tex 2020/01/08 v3.1.5b (3.1.5b)
) (/usr/local/texlive/2020/texmf-dist/tex/latex/pgf/compatibility/pgfcomp-version-0-65.sty
Package: pgfcomp-version-0-65 2020/01/08 v3.1.5b (3.1.5b)
\pgf@nodesepstart=\dimen174
\pgf@nodesepend=\dimen175
) (/usr/local/texlive/2020/texmf-dist/tex/latex/pgf/compatibility/pgfcomp-version-1-18.sty
Package: pgfcomp-version-1-18 2020/01/08 v3.1.5b (3.1.5b)
)) (/usr/local/texlive/2020/texmf-dist/tex/latex/pgf/utilities/pgffor.sty (/usr/local/texlive/2020/texmf-dist/tex/latex/pgf/utilities/pgfkeys.sty (/usr/local/texlive/2020/texmf-dist/tex/generic/pgf/utilities/pgfkeys.code.tex)) (/usr/local/texlive/2020/texmf-dist/tex/latex/pgf/math/pgfmath.sty (/usr/local/texlive/2020/texmf-dist/tex/generic/pgf/math/pgfmath.code.tex)) (/usr/local/texlive/2020/texmf-dist/tex/generic/pgf/utilities/pgffor.code.tex
Package: pgffor 2020/01/08 v3.1.5b (3.1.5b)
 (/usr/local/texlive/2020/texmf-dist/tex/generic/pgf/math/pgfmath.code.tex)
\pgffor@iter=\dimen176
\pgffor@skip=\dimen177
\pgffor@stack=\toks26
\pgffor@toks=\toks27
)) (/usr/local/texlive/2020/texmf-dist/tex/generic/pgf/frontendlayer/tikz/tikz.code.tex
Package: tikz 2020/01/08 v3.1.5b (3.1.5b)
 (/usr/local/texlive/2020/texmf-dist/tex/generic/pgf/libraries/pgflibraryplothandlers.code.tex
File: pgflibraryplothandlers.code.tex 2020/01/08 v3.1.5b (3.1.5b)
\pgf@plot@mark@count=\count184
\pgfplotmarksize=\dimen178
)
\tikz@lastx=\dimen179
\tikz@lasty=\dimen180
\tikz@lastxsaved=\dimen181
\tikz@lastysaved=\dimen182
\tikz@lastmovetox=\dimen183
\tikz@lastmovetoy=\dimen184
\tikzleveldistance=\dimen185
\tikzsiblingdistance=\dimen186
\tikz@figbox=\box52
\tikz@figbox@bg=\box53
\tikz@tempbox=\box54
\tikz@tempbox@bg=\box55
\tikztreelevel=\count185
\tikznumberofchildren=\count186
\tikznumberofcurrentchild=\count187
\tikz@fig@count=\count188
 (/usr/local/texlive/2020/texmf-dist/tex/generic/pgf/modules/pgfmodulematrix.code.tex
File: pgfmodulematrix.code.tex 2020/01/08 v3.1.5b (3.1.5b)
\pgfmatrixcurrentrow=\count189
\pgfmatrixcurrentcolumn=\count190
\pgf@matrix@numberofcolumns=\count191
)
\tikz@expandcount=\count192
 (/usr/local/texlive/2020/texmf-dist/tex/generic/pgf/frontendlayer/tikz/libraries/tikzlibrarytopaths.code.tex
File: tikzlibrarytopaths.code.tex 2020/01/08 v3.1.5b (3.1.5b)
))) (/usr/local/texlive/2020/texmf-dist/tex/latex/tikzsymbols/tikzsymbols.sty (/usr/local/texlive/2020/texmf-dist/tex/latex/l3packages/xparse/xparse.sty (/usr/local/texlive/2020/texmf-dist/tex/latex/l3kernel/expl3.sty
Package: expl3 2020-06-03 L3 programming layer (loader) 
 (/usr/local/texlive/2020/texmf-dist/tex/latex/l3backend/l3backend-pdfmode.def
File: l3backend-pdfmode.def 2020-06-03 L3 backend support: PDF mode
\l__kernel_color_stack_int=\count193
\l__pdf_internal_box=\box56
))
Package: xparse 2020-05-15 L3 Experimental document command parser
 (/usr/local/texlive/2020/texmf-dist/tex/latex/l3packages/xparse/xparse-generic.tex
\l__xparse_current_arg_int=\count194
\g__xparse_grabber_int=\count195
\l__xparse_m_args_int=\count196
\l__xparse_v_nesting_int=\count197
))
Package: tikzsymbols 2019/02/08 v4.10c Some symbols created using tikz and LaTeX3.
 (/usr/local/texlive/2020/texmf-dist/tex/latex/tools/xspace.sty
Package: xspace 2014/10/28 v1.13 Space after command names (DPC,MH)
) (/usr/local/texlive/2020/texmf-dist/tex/latex/l3packages/l3keys2e/l3keys2e.sty
Package: l3keys2e 2020-05-15 LaTeX2e option processing using LaTeX3 keys
) (/usr/local/texlive/2020/texmf-dist/tex/generic/pgf/frontendlayer/tikz/libraries/tikzlibraryarrows.code.tex
File: tikzlibraryarrows.code.tex 2020/01/08 v3.1.5b (3.1.5b)
 (/usr/local/texlive/2020/texmf-dist/tex/generic/pgf/libraries/pgflibraryarrows.code.tex
File: pgflibraryarrows.code.tex 2020/01/08 v3.1.5b (3.1.5b)
\arrowsize=\dimen187
)) (/usr/local/texlive/2020/texmf-dist/tex/generic/pgf/frontendlayer/tikz/libraries/tikzlibrarydecorations.pathmorphing.code.tex (/usr/local/texlive/2020/texmf-dist/tex/generic/pgf/frontendlayer/tikz/libraries/tikzlibrarydecorations.code.tex (/usr/local/texlive/2020/texmf-dist/tex/generic/pgf/modules/pgfmoduledecorations.code.tex
\pgfdecoratedcompleteddistance=\dimen188
\pgfdecoratedremainingdistance=\dimen189
\pgfdecoratedinputsegmentcompleteddistance=\dimen190
\pgfdecoratedinputsegmentremainingdistance=\dimen191
\pgf@decorate@distancetomove=\dimen192
\pgf@decorate@repeatstate=\count198
\pgfdecorationsegmentamplitude=\dimen193
\pgfdecorationsegmentlength=\dimen194
)
\tikz@lib@dec@box=\box57
) (/usr/local/texlive/2020/texmf-dist/tex/generic/pgf/libraries/decorations/pgflibrarydecorations.pathmorphing.code.tex)) (/usr/local/texlive/2020/texmf-dist/tex/generic/pgf/frontendlayer/tikz/libraries/tikzlibrarytrees.code.tex
File: tikzlibrarytrees.code.tex 2020/01/08 v3.1.5b (3.1.5b)
)
\l__tikzsymbols_Moai_thickness_dim=\dimen195
) (/usr/local/texlive/2020/texmf-dist/tex/generic/pgf/frontendlayer/tikz/libraries/tikzlibrarymath.code.tex (/usr/local/texlive/2020/texmf-dist/tex/generic/pgf/frontendlayer/tikz/libraries/tikzlibraryfpu.code.tex (/usr/local/texlive/2020/texmf-dist/tex/generic/pgf/libraries/pgflibraryfpu.code.tex))
\tikz@math@for@depth=\count199
\tikz@math@dimen=\dimen196
\tikz@math@toks=\toks28
) (/usr/local/texlive/2020/texmf-dist/tex/generic/pgf/frontendlayer/tikz/libraries/tikzlibrarypatterns.code.tex
File: tikzlibrarypatterns.code.tex 2020/01/08 v3.1.5b (3.1.5b)
 (/usr/local/texlive/2020/texmf-dist/tex/generic/pgf/libraries/pgflibrarypatterns.code.tex
File: pgflibrarypatterns.code.tex 2020/01/08 v3.1.5b (3.1.5b)
)) (/usr/local/texlive/2020/texmf-dist/tex/latex/amsmath/amsmath.sty
Package: amsmath 2020/01/20 v2.17e AMS math features
\@mathmargin=\skip50

For additional information on amsmath, use the `?' option.
(/usr/local/texlive/2020/texmf-dist/tex/latex/amsmath/amstext.sty
Package: amstext 2000/06/29 v2.01 AMS text
 (/usr/local/texlive/2020/texmf-dist/tex/latex/amsmath/amsgen.sty
File: amsgen.sty 1999/11/30 v2.0 generic functions
\@emptytoks=\toks29
\ex@=\dimen197
)) (/usr/local/texlive/2020/texmf-dist/tex/latex/amsmath/amsbsy.sty
Package: amsbsy 1999/11/29 v1.2d Bold Symbols
\pmbraise@=\dimen198
) (/usr/local/texlive/2020/texmf-dist/tex/latex/amsmath/amsopn.sty
Package: amsopn 2016/03/08 v2.02 operator names
)
\inf@bad=\count266
LaTeX Info: Redefining \frac on input line 227.
\uproot@=\count267
\leftroot@=\count268
LaTeX Info: Redefining \overline on input line 389.
\classnum@=\count269
\DOTSCASE@=\count270
LaTeX Info: Redefining \ldots on input line 486.
LaTeX Info: Redefining \dots on input line 489.
LaTeX Info: Redefining \cdots on input line 610.
\Mathstrutbox@=\box58
\strutbox@=\box59
\big@size=\dimen199
LaTeX Font Info:    Redeclaring font encoding OML on input line 733.
LaTeX Font Info:    Redeclaring font encoding OMS on input line 734.
\macc@depth=\count271
\c@MaxMatrixCols=\count272
\dotsspace@=\muskip17
\c@parentequation=\count273
\dspbrk@lvl=\count274
\tag@help=\toks30
\row@=\count275
\column@=\count276
\maxfields@=\count277
\andhelp@=\toks31
\eqnshift@=\dimen256
\alignsep@=\dimen257
\tagshift@=\dimen258
\tagwidth@=\dimen259
\totwidth@=\dimen260
\lineht@=\dimen261
\@envbody=\toks32
\multlinegap=\skip51
\multlinetaggap=\skip52
\mathdisplay@stack=\toks33
LaTeX Info: Redefining \[ on input line 2859.
LaTeX Info: Redefining \] on input line 2860.
) (/usr/local/texlive/2020/texmf-dist/tex/latex/amsfonts/amssymb.sty
Package: amssymb 2013/01/14 v3.01 AMS font symbols
 (/usr/local/texlive/2020/texmf-dist/tex/latex/amsfonts/amsfonts.sty
Package: amsfonts 2013/01/14 v3.01 Basic AMSFonts support
\symAMSa=\mathgroup4
\symAMSb=\mathgroup5
LaTeX Font Info:    Redeclaring math symbol \hbar on input line 98.
LaTeX Font Info:    Overwriting math alphabet `\mathfrak' in version `bold'
(Font)                  U/euf/m/n --> U/euf/b/n on input line 106.
)) (/usr/local/texlive/2020/texmf-dist/tex/latex/amscls/amsthm.sty
Package: amsthm 2020/05/29 v2.20.6
\thm@style=\toks34
\thm@bodyfont=\toks35
\thm@headfont=\toks36
\thm@notefont=\toks37
\thm@headpunct=\toks38
\thm@preskip=\skip53
\thm@postskip=\skip54
\thm@headsep=\skip55
\dth@everypar=\toks39
) (/usr/local/texlive/2020/texmf-dist/tex/generic/babel/babel.sty
Package: babel 2020/05/13 3.44 The Babel package
 (/usr/local/texlive/2020/texmf-dist/tex/generic/babel/babel.def
File: babel.def 2020/05/13 3.44 Babel common definitions
 (/usr/local/texlive/2020/texmf-dist/tex/generic/babel/luababel.def
\bbl@readstream=\read3
\l@dumylang=\language2
Package babel Info: Non-standard hyphenation setup on input line 117.
\l@nohyphenation=\language3
\l@german-x-2019-04-04=\language4
\l@ngerman-x-2019-04-04=\language5
\l@afrikaans=\language6
\l@ancientgreek=\language7
\l@ibycus=\language8
\l@arabic=\language9
\l@armenian=\language10
\l@basque=\language11
\l@belarusian=\language12
\l@bulgarian=\language13
\l@catalan=\language14
\l@pinyin=\language15
\l@churchslavonic=\language16
\l@coptic=\language17
\l@croatian=\language18
\l@czech=\language19
\l@danish=\language20
\l@dutch=\language21
\l@ukenglish=\language22
\l@usenglishmax=\language23
\l@esperanto=\language24
\l@estonian=\language25
\l@ethiopic=\language26
\l@farsi=\language27
\l@finnish=\language28
\l@french=\language29
\l@friulan=\language30
\l@galician=\language31
\l@georgian=\language32
\l@german=\language33
\l@ngerman=\language34
\l@swissgerman=\language35
\l@greek=\language36
\l@monogreek=\language37
\l@hungarian=\language38
\l@icelandic=\language39
\l@assamese=\language40
\l@bengali=\language41
\l@gujarati=\language42
\l@hindi=\language43
\l@kannada=\language44
\l@malayalam=\language45
\l@marathi=\language46
\l@oriya=\language47
\l@pali=\language48
\l@panjabi=\language49
\l@tamil=\language50
\l@telugu=\language51
\l@indonesian=\language52
\l@interlingua=\language53
\l@irish=\language54
\l@italian=\language55
\l@kurmanji=\language56
\l@classiclatin=\language57
\l@latin=\language58
\l@liturgicallatin=\language59
\l@latvian=\language60
\l@lithuanian=\language61
\l@macedonian=\language62
\l@mongolian=\language63
\l@mongolianlmc=\language64
\l@bokmal=\language65
\l@nynorsk=\language66
\l@occitan=\language67
\l@piedmontese=\language68
\l@polish=\language69
\l@portuguese=\language70
\l@romanian=\language71
\l@romansh=\language72
\l@russian=\language73
\l@sanskrit=\language74
\l@serbian=\language75
\l@serbianc=\language76
\l@slovak=\language77
\l@slovenian=\language78
\l@spanish=\language79
\l@swedish=\language80
\l@thai=\language81
\l@turkish=\language82
\l@turkmen=\language83
\l@ukrainian=\language84
\l@uppersorbian=\language85
\l@welsh=\language86
\babelcatcodetablenum=\catcodetable5
\bbl@pattcodes=\catcodetable6
)
\babel@savecnt=\count278
\U@D=\dimen262
\l@babelnohyphens=\language87
 (/usr/local/texlive/2020/texmf-dist/tex/generic/babel/luababel.def
\bbl@attr@locale=\attribute4
)) (/usr/local/texlive/2020/texmf-dist/tex/generic/babel-greek/greek.ldf
Language: greek 2020/03/17 v1.9j Greek support for the babel system
\bbl@monogreek=\count279
\bbl@polygreek=\count280
\bbl@ancientgreek=\count281
LaTeX Info: Redefining \& on input line 116.
 (/usr/local/texlive/2020/texmf-dist/tex/generic/hyph-utf8/loadhyph/loadhyph-el-polyton.tex UTF-8 Hyphenation patterns for multi-accent (polytonic) Modern Greek (/usr/local/texlive/2020/texmf-dist/tex/generic/hyph-utf8/patterns/tex/hyph-el-polyton.tex))) (/usr/local/texlive/2020/texmf-dist/tex/generic/babel-french/french.ldf
Language: french 2020/04/18 v3.5h French support from the babel system
Package babel Info: \l@acadian = using hyphenrules for french
(babel)             (\language29) on input line 91.
Package babel Info: \l@canadien = using hyphenrules for french
(babel)             (\language29) on input line 92.
\FB@nonchar=\count282
\FB@spacing=\attribute5
\FB@addDPspace=\attribute6
\FB@addGUILspace=\attribute7
\FB@ucsNBSP=\attribute8
\FB@dialect=\attribute9
Package french.ldf Info: No need for active punctuation characters
(french.ldf)             with this version of LuaTeX!
(french.ldf)             reported on input line 254.
\FBguill@level=\count283
\FBold@everypar=\toks40
\FB@Mht=\dimen263
LaTeX Info: Redefining \degres on input line 785.
\mc@charclass=\count284
\mc@charfam=\count285
\mc@charslot=\count286
\std@mcc=\count287
\dec@mcc=\count288
Inserting `frenchb.french_punctuation' at position 1 in `kerning'.
\c@FBcaption@count=\count289
\listindentFB=\dimen264
\descindentFB=\dimen265
\labelindentFB=\dimen266
\labelwidthFB=\dimen267
\leftmarginFB=\dimen268
\parindentFFN=\dimen269
\FBfnindent=\dimen270
 (/usr/local/texlive/2020/texmf-dist/tex/generic/hyph-utf8/loadhyph/loadhyph-fr.tex UTF-8 French hyphenation patterns (/usr/local/texlive/2020/texmf-dist/tex/generic/hyph-utf8/patterns/tex/hyph-fr.tex) (/usr/local/texlive/2020/texmf-dist/tex/generic/hyph-utf8/patterns/quote/hyph-quote-fr.tex)))) (/usr/local/texlive/2020/texmf-dist/tex/latex/carlisle/scalefnt.sty) (/usr/local/texlive/2020/texmf-dist/tex/latex/fancyvrb/fancyvrb.sty
Package: fancyvrb 2020/05/03 v3.6 verbatim text (tvz,hv)
\FV@CodeLineNo=\count290
\FV@InFile=\read4
\FV@TabBox=\box60
\c@FancyVerbLine=\count291
\FV@StepNumber=\count292
\FV@OutFile=\write4
) (/usr/local/texlive/2020/texmf-dist/tex/latex/graphics/lscape.sty
Package: lscape 2000/10/22 v3.01 Landscape Pages (DPC)
) (/usr/local/texlive/2020/texmf-dist/tex/latex/textgreek/textgreek.sty
Package: textgreek 2011/10/09 v0.7 Greek symbols in text
Package textgreek Info: Loading the definitions for the Greek fontencoding. on input line 39.
 (/usr/local/texlive/2020/texmf-dist/tex/latex/greek-fontenc/lgrenc.def LGR font encoding definitions already loaded)
Package textgreek Info: Loaded fontmap: {eur/*/*}{U/eur/*/*} {phv/*/*}{U/psy/*/*}. on input line 69.
) (/usr/local/texlive/2020/texmf-dist/tex/latex/lm/lmodern.sty
Package: lmodern 2009/10/30 v1.6 Latin Modern Fonts
LaTeX Font Info:    Overwriting symbol font `operators' in version `normal'
(Font)                  OT1/cmr/m/n --> OT1/lmr/m/n on input line 22.
LaTeX Font Info:    Overwriting symbol font `letters' in version `normal'
(Font)                  OML/cmm/m/it --> OML/lmm/m/it on input line 23.
LaTeX Font Info:    Overwriting symbol font `symbols' in version `normal'
(Font)                  OMS/cmsy/m/n --> OMS/lmsy/m/n on input line 24.
LaTeX Font Info:    Overwriting symbol font `largesymbols' in version `normal'
(Font)                  OMX/cmex/m/n --> OMX/lmex/m/n on input line 25.
LaTeX Font Info:    Overwriting symbol font `operators' in version `bold'
(Font)                  OT1/cmr/bx/n --> OT1/lmr/bx/n on input line 26.
LaTeX Font Info:    Overwriting symbol font `letters' in version `bold'
(Font)                  OML/cmm/b/it --> OML/lmm/b/it on input line 27.
LaTeX Font Info:    Overwriting symbol font `symbols' in version `bold'
(Font)                  OMS/cmsy/b/n --> OMS/lmsy/b/n on input line 28.
LaTeX Font Info:    Overwriting symbol font `largesymbols' in version `bold'
(Font)                  OMX/cmex/m/n --> OMX/lmex/m/n on input line 29.
LaTeX Font Info:    Overwriting math alphabet `\mathbf' in version `normal'
(Font)                  OT1/cmr/bx/n --> OT1/lmr/bx/n on input line 31.
LaTeX Font Info:    Overwriting math alphabet `\mathsf' in version `normal'
(Font)                  OT1/cmss/m/n --> OT1/lmss/m/n on input line 32.
LaTeX Font Info:    Overwriting math alphabet `\mathit' in version `normal'
(Font)                  OT1/cmr/m/it --> OT1/lmr/m/it on input line 33.
LaTeX Font Info:    Overwriting math alphabet `\mathtt' in version `normal'
(Font)                  OT1/cmtt/m/n --> OT1/lmtt/m/n on input line 34.
LaTeX Font Info:    Overwriting math alphabet `\mathbf' in version `bold'
(Font)                  OT1/cmr/bx/n --> OT1/lmr/bx/n on input line 35.
LaTeX Font Info:    Overwriting math alphabet `\mathsf' in version `bold'
(Font)                  OT1/cmss/bx/n --> OT1/lmss/bx/n on input line 36.
LaTeX Font Info:    Overwriting math alphabet `\mathit' in version `bold'
(Font)                  OT1/cmr/bx/it --> OT1/lmr/bx/it on input line 37.
LaTeX Font Info:    Overwriting math alphabet `\mathtt' in version `bold'
(Font)                  OT1/cmtt/m/n --> OT1/lmtt/m/n on input line 38.
) (/usr/local/texlive/2020/texmf-dist/tex/latex/base/alltt.sty
Package: alltt 1997/06/16 v2.0g defines alltt environment
) (/usr/local/texlive/2020/texmf-dist/tex/latex/multirow/multirow.sty
Package: multirow 2019/05/31 v2.5 Span multiple rows of a table
\multirow@colwidth=\skip56
\multirow@cntb=\count293
\multirow@dima=\skip57
\bigstrutjot=\dimen271
) (/usr/local/texlive/2020/texmf-dist/tex/latex/float/float.sty
Package: float 2001/11/08 v1.3d Float enhancements (AL)
\c@float@type=\count294
\float@exts=\toks41
\float@box=\box61
\@float@everytoks=\toks42
\@floatcapt=\box62
) (/usr/local/texlive/2020/texmf-dist/tex/latex/base/inputenc.sty
Package: inputenc 2018/08/11 v1.3c Input encoding file
\inpenc@prehook=\toks43
\inpenc@posthook=\toks44


Package inputenc Warning: inputenc package ignored with utf8 based engines.

) (/usr/local/texlive/2020/texmf-dist/tex/latex/mflogo/mflogo.sty
Package: mflogo 1999/03/10 v2.0 LaTeX package for Metafont and MetaPost logos
) (/usr/local/texlive/2020/texmf-dist/tex/latex/wrapfig/wrapfig.sty
\wrapoverhang=\dimen272
\WF@size=\dimen273
\c@WF@wrappedlines=\count295
\WF@box=\box63
\WF@everypar=\toks45
Package: wrapfig 2003/01/31  v 3.6
)
\c@definition=\count296
\c@theoreme=\count297
 (./__latexindent_temp.aux)
\openout1 = __latexindent_temp.aux

LaTeX Font Info:    Checking defaults for OML/cmm/m/it on input line 46.
LaTeX Font Info:    ... okay on input line 46.
LaTeX Font Info:    Checking defaults for OMS/cmsy/m/n on input line 46.
LaTeX Font Info:    ... okay on input line 46.
LaTeX Font Info:    Checking defaults for OT1/cmr/m/n on input line 46.
LaTeX Font Info:    ... okay on input line 46.
LaTeX Font Info:    Checking defaults for T1/cmr/m/n on input line 46.
LaTeX Font Info:    ... okay on input line 46.
LaTeX Font Info:    Checking defaults for TS1/cmr/m/n on input line 46.
LaTeX Font Info:    Trying to load font information for TS1+cmr on input line 46.
 (/usr/local/texlive/2020/texmf-dist/tex/latex/base/ts1cmr.fd
File: ts1cmr.fd 2019/12/16 v2.5j Standard LaTeX font definitions
)
LaTeX Font Info:    ... okay on input line 46.
LaTeX Font Info:    Checking defaults for TU/lmr/m/n on input line 46.
LaTeX Font Info:    ... okay on input line 46.
LaTeX Font Info:    Checking defaults for OMX/cmex/m/n on input line 46.
LaTeX Font Info:    ... okay on input line 46.
LaTeX Font Info:    Checking defaults for U/cmr/m/n on input line 46.
LaTeX Font Info:    ... okay on input line 46.
LaTeX Font Info:    Checking defaults for LGR/cmr/m/n on input line 46.
LaTeX Font Info:    Trying to load font information for LGR+cmr on input line 46.
 (/usr/local/texlive/2020/texmf-dist/tex/latex/cbfonts-fd/lgrcmr.fd
File: lgrcmr.fd 2017/07/29 v1.2 Greek European Computer Regular
)
LaTeX Font Info:    ... okay on input line 46.
 (/usr/local/texlive/2020/texmf-dist/tex/context/base/mkii/supp-pdf.mkii
[Loading MPS to PDF converter (version 2006.09.02).]
\scratchcounter=\count298
\scratchdimen=\dimen274
\scratchbox=\box64
\nofMPsegments=\count299
\nofMParguments=\count300
\everyMPshowfont=\toks46
\MPscratchCnt=\count301
\MPscratchDim=\dimen275
\MPnumerator=\count302
\makeMPintoPDFobject=\count303
\everyMPtoPDFconversion=\toks47
) (/usr/local/texlive/2020/texmf-dist/tex/latex/epstopdf-pkg/epstopdf-base.sty
Package: epstopdf-base 2020-01-24 v2.11 Base part for package epstopdf
Package epstopdf-base Info: Redefining graphics rule for `.eps' on input line 485.
 (/usr/local/texlive/2020/texmf-dist/tex/latex/latexconfig/epstopdf-sys.cfg
File: epstopdf-sys.cfg 2010/07/13 v1.3 Configuration of (r)epstopdf for TeX Live
)) ABD: EveryShipout initializing macros
LaTeX Info: Redefining \dots on input line 46.
LaTeX Info: Redefining \up on input line 46.
LaTeX Font Info:    Trying to load font information for LGR+lmr on input line 47.
 (/usr/local/texlive/2020/texmf-dist/tex/latex/cbfonts-fd/lgrlmr.fd
File: lgrlmr.fd 2017/07/29 v1.2 Scalable Greek Latin Modern Regular
)
LaTeX Font Info:    Trying to load font information for OT1+lmr on input line 47.
 (/usr/local/texlive/2020/texmf-dist/tex/latex/lm/ot1lmr.fd
File: ot1lmr.fd 2009/10/30 v1.6 Font defs for Latin Modern
)
LaTeX Font Info:    Trying to load font information for OML+lmm on input line 47.
 (/usr/local/texlive/2020/texmf-dist/tex/latex/lm/omllmm.fd
File: omllmm.fd 2009/10/30 v1.6 Font defs for Latin Modern
)
LaTeX Font Info:    Trying to load font information for OMS+lmsy on input line 47.
 (/usr/local/texlive/2020/texmf-dist/tex/latex/lm/omslmsy.fd
File: omslmsy.fd 2009/10/30 v1.6 Font defs for Latin Modern
)
LaTeX Font Info:    Trying to load font information for OMX+lmex on input line 47.
 (/usr/local/texlive/2020/texmf-dist/tex/latex/lm/omxlmex.fd
File: omxlmex.fd 2009/10/30 v1.6 Font defs for Latin Modern
)
LaTeX Font Info:    External font `lmex10' loaded for size
(Font)              <12> on input line 47.
LaTeX Font Info:    External font `lmex10' loaded for size
(Font)              <8> on input line 47.
LaTeX Font Info:    External font `lmex10' loaded for size
(Font)              <6> on input line 47.
LaTeX Font Info:    Trying to load font information for U+msa on input line 47.
 (/usr/local/texlive/2020/texmf-dist/tex/latex/amsfonts/umsa.fd
File: umsa.fd 2013/01/14 v3.01 AMS symbols A
)
LaTeX Font Info:    Trying to load font information for U+msb on input line 47.
 (/usr/local/texlive/2020/texmf-dist/tex/latex/amsfonts/umsb.fd
File: umsb.fd 2013/01/14 v3.01 AMS symbols B
) [1


{/usr/local/texlive/2020/texmf-var/fonts/map/pdftex/updmap/pdftex.map}
Missing character: There is no Ἀ (U+1F08) in font grmn1728!
Missing character: There is no γ (U+03B3) in font grmn1728!
Missing character: There is no ε (U+03B5) in font grmn1728!
Missing character: There is no ω (U+03C9) in font grmn1728!
Missing character: There is no μ (U+03BC) in font grmn1728!
Missing character: There is no έ (U+03AD) in font grmn1728!
Missing character: There is no τ (U+03C4) in font grmn1728!
Missing character: There is no ρ (U+03C1) in font grmn1728!
Missing character: There is no η (U+03B7) in font grmn1728!
Missing character: There is no τ (U+03C4) in font grmn1728!
Missing character: There is no ο (U+03BF) in font grmn1728!
Missing character: There is no ς (U+03C2) in font grmn1728!
Missing character: There is no μ (U+03BC) in font grmn1728!
Missing character: There is no η (U+03B7) in font grmn1728!
Missing character: There is no δ (U+03B4) in font grmn1728!
Missing character: There is no ε (U+03B5) in font grmn1728!
Missing character: There is no ί (U+03AF) in font grmn1728!
Missing character: There is no ς (U+03C2) in font grmn1728!
Missing character: There is no ε (U+03B5) in font grmn1728!
Missing character: There is no ἰ (U+1F30) in font grmn1728!
Missing character: There is no σ (U+03C3) in font grmn1728!
Missing character: There is no ί (U+03AF) in font grmn1728!
Missing character: There is no τ (U+03C4) in font grmn1728!
Missing character: There is no ω (U+03C9) in font grmn1728!
Missing character: There is no μ (U+03BC) in font grmn1728!
Missing character: There is no ο (U+03BF) in font grmn1728!
Missing character: There is no υ (U+03C5) in font grmn1728!
Missing character: There is no τ (U+03C4) in font grmn1728!
Missing character: There is no ή (U+03AE) in font grmn1728!
Missing character: There is no ν (U+03BD) in font grmn1728!
Missing character: There is no σ (U+03C3) in font grmn1728!
Missing character: There is no τ (U+03C4) in font grmn1728!
Missing character: There is no έ (U+03AD) in font grmn1728!
Missing character: There is no γ (U+03B3) in font grmn1728!
Missing character: There is no ν (U+03BD) in font grmn1728!
Missing character: There is no η (U+03B7) in font grmn1728!
Missing character: There is no ν (U+03BD) in font grmn1728!
] [2

] (./__latexindent_temp.toc
LaTeX Font Info:    External font `lmex10' loaded for size
(Font)              <10.95> on input line 2.
 [3]
LaTeX Font Info:    Trying to load font information for U+logo on input line 62.
 (/usr/local/texlive/2020/texmf-dist/tex/latex/mflogo/ulogo.fd
File: ulogo.fd 1999/03/10 v2.0 LaTeX font defs for Metafont and MetaPost logos
))
\tf@toc=\write5

\openout5 = __latexindent_temp.toc
 [4]

LaTeX Warning: Citation `ab' on page 5 undefined on input line 53.


LaTeX Warning: Citation `wm' on page 5 undefined on input line 57.

[5

] [6

]
Chapitre 1.
LaTeX Font Info:    External font `lmex10' loaded for size
(Font)              <24.88> on input line 102.
LaTeX Font Info:    External font `lmex10' loaded for size
(Font)              <20.74> on input line 102.
LaTeX Font Info:    External font `lmex10' loaded for size
(Font)              <17.28> on input line 102.
LaTeX Font Info:    Trying to load font information for T1+lmtt on input line 128.
(/usr/local/texlive/2020/texmf-dist/tex/latex/lm/t1lmtt.fd
File: t1lmtt.fd 2009/10/30 v1.6 Font defs for Latin Modern
) [7] [8] [9]
Underfull \vbox (badness 10000) has occurred while \output is active []

 [10] [11]

LaTeX Warning: Citation `plisp' on page 12 undefined on input line 441.

[12] [13]
Overfull \hbox (29.01074pt too wide) in paragraph at lines 559--560
[][] 
 []

[14]
LaTeX Font Info:    External font `lmex10' loaded for size
(Font)              <14.4> on input line 616.
LaTeX Font Info:    External font `lmex10' loaded for size
(Font)              <10> on input line 616.
LaTeX Font Info:    External font `lmex10' loaded for size
(Font)              <7> on input line 616.
 [15]

LaTeX Warning: Citation `god' on page 16 undefined on input line 669.

<DrawingHands.jpg, id=74, 326.21875pt x 282.05376pt>
File: DrawingHands.jpg Graphic file (type jpg)
<use DrawingHands.jpg>
Package luatex.def Info: DrawingHands.jpg  used on input line 673.
(luatex.def)             Requested size: 140.92793pt x 121.85315pt.

LaTeX Warning: Citation `lamport1994latex' on page 16 undefined on input line 691.


Underfull \vbox (badness 1199) has occurred while \output is active []

 [16<./DrawingHands.jpg>]
LaTeX Font Info:    External font `lmex10' loaded for size
(Font)              <9> on input line 742.
LaTeX Font Info:    External font `lmex10' loaded for size
(Font)              <5> on input line 742.

Underfull \vbox (badness 4120) has occurred while \output is active []

 [17] [18] [19] [20] [21] [22]

LaTeX Warning: Citation `WS' on page 23 undefined on input line 1083.


Underfull \hbox (badness 10000) in paragraph at lines 1081--1086

 []


Underfull \vbox (badness 2318) has occurred while \output is active []

 [23] [24] [25] [26

]
Chapitre 2.

LaTeX Warning: Citation `lisp' on page 27 undefined on input line 1215.

[27] [28]
Underfull \vbox (badness 10000) has occurred while \output is active []

 [29] [30] [31] [32]
Overfull \hbox (62.19678pt too wide) in paragraph at lines 1548--1549
[][] 
 []


Underfull \vbox (badness 10000) has occurred while \output is active []

 [33] [34]

LaTeX Warning: Citation `reflective' on page 35 undefined on input line 1643.

[35]

LaTeX Warning: Citation `genese' on page 36 undefined on input line 1692.

<bruegel.jpg, id=141, 301.125pt x 240.9pt>
File: bruegel.jpg Graphic file (type jpg)
<use bruegel.jpg>
Package luatex.def Info: bruegel.jpg  used on input line 1709.
(luatex.def)             Requested size: 142.26378pt x 113.81482pt.

Underfull \vbox (badness 5446) has occurred while \output is active []

 [36]
\g__tikzsymbols_savebox_F_0 g 0 G_10.95_Laughey_1_none_none_box=\box65
 [37
Missing character: There is no ἡ (U+1F21) in font grmn1000!
Missing character: There is no κ (U+03BA) in font grmn1000!
Missing character: There is no ε (U+03B5) in font grmn1000!
Missing character: There is no φ (U+03C6) in font grmn1000!
Missing character: There is no α (U+03B1) in font grmn1000!
Missing character: There is no λ (U+03BB) in font grmn1000!
Missing character: There is no ὴ (U+1F74) in font grmn1000!
Missing character: There is no ἔ (U+1F14) in font grmn1000!
Missing character: There is no σ (U+03C3) in font grmn1000!
Missing character: There is no τ (U+03C4) in font grmn1000!
Missing character: There is no α (U+03B1) in font grmn1000!
Missing character: There is no ι (U+03B9) in font grmn1000!
Missing character: There is no ἕ (U+1F15) in font grmn1000!
Missing character: There is no ω (U+03C9) in font grmn1000!
Missing character: There is no ς (U+03C2) in font grmn1000!
Missing character: There is no τ (U+03C4) in font grmn1000!
Missing character: There is no ο (U+03BF) in font grmn1000!
Missing character: There is no ῦ (U+1FE6) in font grmn1000!
Missing character: There is no ο (U+03BF) in font grmn1000!
Missing character: There is no ὐ (U+1F50) in font grmn1000!
Missing character: There is no ρ (U+03C1) in font grmn1000!
Missing character: There is no α (U+03B1) in font grmn1000!
Missing character: There is no ν (U+03BD) in font grmn1000!
Missing character: There is no ο (U+03BF) in font grmn1000!
Missing character: There is no ῦ (U+1FE6) in font grmn1000!
Missing character: There is no Γ (U+0393) in font grmn1000!
Missing character: There is no Ε (U+0395) in font grmn1000!
Missing character: There is no Ν (U+039D) in font grmn1000!
Missing character: There is no Ε (U+0395) in font grmn1000!
Missing character: There is no Σ (U+03A3) in font grmn1000!
Missing character: There is no Ι (U+0399) in font grmn1000!
Missing character: There is no Σ (U+03A3) in font grmn1000!
Missing character: There is no Κ (U+039A) in font grmn1000!
Missing character: There is no α (U+03B1) in font grmn1000!
Missing character: There is no ὶ (U+1F76) in font grmn1000!
Missing character: There is no ἦ (U+1F26) in font grmn1000!
Missing character: There is no ν (U+03BD) in font grmn1000!
Missing character: There is no π (U+03C0) in font grmn1000!
Missing character: There is no ᾶ (U+1FB6) in font grmn1000!
Missing character: There is no σ (U+03C3) in font grmn1000!
Missing character: There is no α (U+03B1) in font grmn1000!
Missing character: There is no ἡ (U+1F21) in font grmn1000!
Missing character: There is no γ (U+03B3) in font grmn1000!
Missing character: There is no ῆ (U+1FC6) in font grmn1000!
Missing character: There is no χ (U+03C7) in font grmn1000!
Missing character: There is no ε (U+03B5) in font grmn1000!
Missing character: There is no ῖ (U+1FD6) in font grmn1000!
Missing character: There is no λ (U+03BB) in font grmn1000!
Missing character: There is no ο (U+03BF) in font grmn1000!
Missing character: There is no ς (U+03C2) in font grmn1000!
Missing character: There is no ἕ (U+1F15) in font grmn1000!
Missing character: There is no ν (U+03BD) in font grmn1000!
Missing character: There is no κ (U+03BA) in font grmn1000!
Missing character: There is no α (U+03B1) in font grmn1000!
Missing character: There is no ὶ (U+1F76) in font grmn1000!
Missing character: There is no φ (U+03C6) in font grmn1000!
Missing character: There is no ω (U+03C9) in font grmn1000!
Missing character: There is no ν (U+03BD) in font grmn1000!
Missing character: There is no ὴ (U+1F74) in font grmn1000!
Missing character: There is no μ (U+03BC) in font grmn1000!
Missing character: There is no ί (U+1F77) in font grmn1000!
Missing character: There is no α (U+03B1) in font grmn1000!
Missing character: There is no π (U+03C0) in font grmn1000!
Missing character: There is no ᾶ (U+1FB6) in font grmn1000!
Missing character: There is no σ (U+03C3) in font grmn1000!
Missing character: There is no ι (U+03B9) in font grmn1000!
Missing character: There is no ν (U+03BD) in font grmn1000!
Missing character: There is no δ (U+03B4) in font grmn1000!
Missing character: There is no ι (U+03B9) in font grmn1000!
Missing character: There is no ὰ (U+1F70) in font grmn1000!
Missing character: There is no τ (U+03C4) in font grmn1000!
Missing character: There is no ο (U+03BF) in font grmn1000!
Missing character: There is no ῦ (U+1FE6) in font grmn1000!
Missing character: There is no τ (U+03C4) in font grmn1000!
Missing character: There is no ο (U+03BF) in font grmn1000!
Missing character: There is no ἐ (U+1F10) in font grmn1000!
Missing character: There is no κ (U+03BA) in font grmn1000!
Missing character: There is no λ (U+03BB) in font grmn1000!
Missing character: There is no ή (U+1F75) in font grmn1000!
Missing character: There is no θ (U+03B8) in font grmn1000!
Missing character: There is no η (U+03B7) in font grmn1000!
Missing character: There is no τ (U+03C4) in font grmn1000!
Missing character: There is no ὸ (U+1F78) in font grmn1000!
Missing character: There is no ὄ (U+1F44) in font grmn1000!
Missing character: There is no ν (U+03BD) in font grmn1000!
Missing character: There is no ο (U+03BF) in font grmn1000!
Missing character: There is no μ (U+03BC) in font grmn1000!
Missing character: There is no α (U+03B1) in font grmn1000!
Missing character: There is no α (U+03B1) in font grmn1000!
Missing character: There is no ὐ (U+1F50) in font grmn1000!
Missing character: There is no τ (U+03C4) in font grmn1000!
Missing character: There is no ῆ (U+1FC6) in font grmn1000!
Missing character: There is no ς (U+03C2) in font grmn1000!
Missing character: There is no Σ (U+03A3) in font grmn1000!
Missing character: There is no ύ (U+1F7B) in font grmn1000!
Missing character: There is no γ (U+03B3) in font grmn1000!
Missing character: There is no χ (U+03C7) in font grmn1000!
Missing character: There is no υ (U+03C5) in font grmn1000!
Missing character: There is no σ (U+03C3) in font grmn1000!
Missing character: There is no ι (U+03B9) in font grmn1000!
Missing character: There is no ς (U+03C2) in font grmn1000!
Missing character: There is no ὅ (U+1F45) in font grmn1000!
Missing character: There is no τ (U+03C4) in font grmn1000!
Missing character: There is no ι (U+03B9) in font grmn1000!
Missing character: There is no ἐ (U+1F10) in font grmn1000!
Missing character: There is no κ (U+03BA) in font grmn1000!
Missing character: There is no ε (U+03B5) in font grmn1000!
Missing character: There is no ῖ (U+1FD6) in font grmn1000!
Missing character: There is no σ (U+03C3) in font grmn1000!
Missing character: There is no υ (U+03C5) in font grmn1000!
Missing character: There is no ν (U+03BD) in font grmn1000!
Missing character: There is no έ (U+1F73) in font grmn1000!
Missing character: There is no χ (U+03C7) in font grmn1000!
Missing character: There is no ε (U+03B5) in font grmn1000!
Missing character: There is no ε (U+03B5) in font grmn1000!
Missing character: There is no ν (U+03BD) in font grmn1000!
Missing character: There is no κ (U+03BA) in font grmn1000!
Missing character: There is no ύ (U+1F7B) in font grmn1000!
Missing character: There is no ρ (U+03C1) in font grmn1000!
Missing character: There is no ι (U+03B9) in font grmn1000!
Missing character: There is no ο (U+03BF) in font grmn1000!
Missing character: There is no ς (U+03C2) in font grmn1000!
Missing character: There is no τ (U+03C4) in font grmn1000!
Missing character: There is no ὰ (U+1F70) in font grmn1000!
Missing character: There is no χ (U+03C7) in font grmn1000!
Missing character: There is no ε (U+03B5) in font grmn1000!
Missing character: There is no ί (U+1F77) in font grmn1000!
Missing character: There is no λ (U+03BB) in font grmn1000!
Missing character: There is no η (U+03B7) in font grmn1000!
Missing character: There is no π (U+03C0) in font grmn1000!
Missing character: There is no ά (U+1F71) in font grmn1000!
Missing character: There is no σ (U+03C3) in font grmn1000!
Missing character: There is no η (U+03B7) in font grmn1000!
Missing character: There is no ς (U+03C2) in font grmn1000!
Missing character: There is no τ (U+03C4) in font grmn1000!
Missing character: There is no ῆ (U+1FC6) in font grmn1000!
Missing character: There is no ς (U+03C2) in font grmn1000!
Missing character: There is no γ (U+03B3) in font grmn1000!
Missing character: There is no ῆ (U+1FC6) in font grmn1000!
Missing character: There is no ς (U+03C2) in font grmn1000!
<./bruegel.jpg>]
Underfull \vbox (badness 10000) has occurred while \output is active []

 [38]
Underfull \vbox (badness 10000) has occurred while \output is active []

 [39]
Underfull \vbox (badness 10000) has occurred while \output is active []

 [40]
Underfull \vbox (badness 10000) has occurred while \output is active []

 [41] [42]
Chapitre 3.
[43

] [44]
Underfull \hbox (badness 10000) in paragraph at lines 2136--2137

 []


Underfull \hbox (badness 10000) in paragraph at lines 2137--2138

 []

[45
Missing character: There is no λ (U+03BB) in font ec-lmtt10!
Missing character: There is no λ (U+03BB) in font ec-lmtt10!
Missing character: There is no λ (U+03BB) in font ec-lmtt10!
Missing character: There is no λ (U+03BB) in font ec-lmtt10!
Missing character: There is no λ (U+03BB) in font ec-lmtt10!
Missing character: There is no λ (U+03BB) in font ec-lmtt10!
Missing character: There is no λ (U+03BB) in font ec-lmtt10!
Missing character: There is no λ (U+03BB) in font ec-lmtt10!
Missing character: There is no λ (U+03BB) in font ec-lmtt10!
Missing character: There is no λ (U+03BB) in font ec-lmtt10!
Missing character: There is no λ (U+03BB) in font ec-lmtt10!
Missing character: There is no λ (U+03BB) in font ec-lmtt10!
Missing character: There is no λ (U+03BB) in font ec-lmtt10!
Missing character: There is no λ (U+03BB) in font ec-lmtt10!
Missing character: There is no λ (U+03BB) in font ec-lmtt10!
Missing character: There is no λ (U+03BB) in font ec-lmtt10!
] [46
Missing character: There is no λ (U+03BB) in font ec-lmtt10!
Missing character: There is no λ (U+03BB) in font ec-lmtt10!
Missing character: There is no λ (U+03BB) in font ec-lmtt10!
Missing character: There is no λ (U+03BB) in font ec-lmtt10!
Missing character: There is no λ (U+03BB) in font ec-lmtt10!
Missing character: There is no λ (U+03BB) in font ec-lmtt10!
Missing character: There is no λ (U+03BB) in font ec-lmtt10!
Missing character: There is no λ (U+03BB) in font ec-lmtt10!
Missing character: There is no λ (U+03BB) in font ec-lmtt10!
Missing character: There is no λ (U+03BB) in font ec-lmtt10!
Missing character: There is no λ (U+03BB) in font ec-lmtt10!
Missing character: There is no λ (U+03BB) in font ec-lmtt10!
Missing character: There is no λ (U+03BB) in font ec-lmtt10!
Missing character: There is no λ (U+03BB) in font ec-lmtt10!
Missing character: There is no λ (U+03BB) in font ec-lmtt10!
Missing character: There is no λ (U+03BB) in font ec-lmtt10!
Missing character: There is no λ (U+03BB) in font ec-lmtt10!
Missing character: There is no λ (U+03BB) in font ec-lmtt10!
Missing character: There is no λ (U+03BB) in font ec-lmtt10!
Missing character: There is no λ (U+03BB) in font ec-lmtt10!
Missing character: There is no λ (U+03BB) in font ec-lmtt10!
Missing character: There is no λ (U+03BB) in font ec-lmtt10!
Missing character: There is no λ (U+03BB) in font ec-lmtt10!
Missing character: There is no λ (U+03BB) in font ec-lmtt10!
Missing character: There is no λ (U+03BB) in font ec-lmtt10!
Missing character: There is no λ (U+03BB) in font ec-lmtt10!
Missing character: There is no λ (U+03BB) in font ec-lmtt10!
Missing character: There is no λ (U+03BB) in font ec-lmtt10!
Missing character: There is no λ (U+03BB) in font ec-lmtt10!
Missing character: There is no λ (U+03BB) in font ec-lmtt10!
Missing character: There is no λ (U+03BB) in font ec-lmtt10!
Missing character: There is no λ (U+03BB) in font ec-lmtt10!
Missing character: There is no λ (U+03BB) in font ec-lmtt10!
Missing character: There is no λ (U+03BB) in font ec-lmtt10!
Missing character: There is no λ (U+03BB) in font ec-lmtt10!
]
Missing character: There is no − (U+2212) in font rm-lmr10!
 [47] [48

]
Chapitre 4.

LaTeX Warning: Citation `lalement' on page 49 undefined on input line 2253.

[49] [50]
Underfull \vbox (badness 2698) has occurred while \output is active []

 [51] [52] [53] [54] [55] [56]
Underfull \vbox (badness 10000) has occurred while \output is active []

 [57] [58] [59] [60]
Missing character: There is no ≡ (U+2261) in font rm-lmr10!

Underfull \hbox (badness 10000) in paragraph at lines 2882--2884

 []

Missing character: There is no ≥ (U+2265) in font rm-lmr10!

LaTeX Warning: Citation `rewriting' on page 61 undefined on input line 2908.

[61] [62]
Chapitre 5.
[63

]
Missing character: There is no ≥ (U+2265) in font rm-lmr10!
Missing character: There is no ≥ (U+2265) in font rm-lmr10!
Missing character: There is no − (U+2212) in font rm-lmr10!
Missing character: There is no − (U+2212) in font rm-lmr10!
Missing character: There is no ≥ (U+2265) in font rm-lmr10!
Missing character: There is no ≥ (U+2265) in font rm-lmr10!
Missing character: There is no − (U+2212) in font rm-lmr10!
Missing character: There is no − (U+2212) in font rm-lmr10!
Missing character: There is no − (U+2212) in font rm-lmr10!
Missing character: There is no − (U+2212) in font rm-lmr10!
Missing character: There is no ≥ (U+2265) in font rm-lmr10!
Missing character: There is no ≥ (U+2265) in font rm-lmr10!
Missing character: There is no ≥ (U+2265) in font rm-lmr10!
Missing character: There is no ≥ (U+2265) in font rm-lmr10!

Underfull \hbox (badness 10000) in paragraph at lines 3024--3028

 []

[64
Missing character: There is no ’ (U+2019) in font ec-lmr10!
Missing character: There is no ’ (U+2019) in font ec-lmr10!
Missing character: There is no ’ (U+2019) in font ec-lmr10!
] [65]
Underfull \vbox (badness 10000) has occurred while \output is active []

 [66] [67] [68]
Chapitre 6.
[69

] [70] [71]

LaTeX Warning: Citation `caml' on page 72 undefined on input line 3450.

[72]
<flocon1.pdf, id=261, 150.5625pt x 138.5175pt>
File: flocon1.pdf Graphic file (type pdf)
<use flocon1.pdf>
Package luatex.def Info: flocon1.pdf  used on input line 3512.
(luatex.def)             Requested size: 99.5875pt x 85.3579pt.
<flocon2.pdf, id=262, 156.585pt x 136.51pt>
File: flocon2.pdf Graphic file (type pdf)
<use flocon2.pdf>
Package luatex.def Info: flocon2.pdf  used on input line 3513.
(luatex.def)             Requested size: 99.58806pt x 85.35811pt.
<flocon3.pdf, id=263, 149.55875pt x 130.4875pt>
File: flocon3.pdf Graphic file (type pdf)
<use flocon3.pdf>
Package luatex.def Info: flocon3.pdf  used on input line 3514.
(luatex.def)             Requested size: 99.58539pt x 85.35942pt.
<flocon4.pdf, id=264, 139.52126pt x 127.47626pt>
File: flocon4.pdf Graphic file (type pdf)
<use flocon4.pdf>
Package luatex.def Info: flocon4.pdf  used on input line 3515.
(luatex.def)             Requested size: 99.58661pt x 85.36195pt.
<bretagne.png, id=265, 730.4088pt x 512.6352pt>
File: bretagne.png Graphic file (type png)
<use bretagne.png>
Package luatex.def Info: bretagne.png  used on input line 3521.
(luatex.def)             Requested size: 113.81102pt x 79.87221pt.


LaTeX Warning: Citation `vh' on page 73 undefined on input line 3529.

[73<./flocon1.pdf><./flocon2.pdf><./flocon3.pdf><./flocon4.pdf><./bretagne.png>]
<mandelbrot.png, id=293, 254.9525pt x 227.85126pt>
File: mandelbrot.png Graphic file (type png)
<use mandelbrot.png>
Package luatex.def Info: mandelbrot.png  used on input line 3582.
(luatex.def)             Requested size: 113.81102pt x 101.71507pt.

Underfull \vbox (badness 1831) has occurred while \output is active []

 [74]
LaTeX Font Info:    Font shape `U/logo/bx/n' in size <14.4> not available
(Font)              Font shape `U/logo/b/n' tried instead on input line 3585.


LaTeX Warning: Citation `mf' on page 75 undefined on input line 3586.

<imp.png, id=297, 573.14125pt x 491.8375pt>
File: imp.png Graphic file (type png)
<use imp.png>
Package luatex.def Info: imp.png  used on input line 3596.
(luatex.def)             Requested size: 113.81102pt x 97.6603pt.
[75<./mandelbrot.png><./imp.png>]
<snow.png, id=304, 636.3775pt x 750.805pt>
File: snow.png Graphic file (type png)
<use snow.png>
Package luatex.def Info: snow.png  used on input line 3668.
(luatex.def)             Requested size: 113.81102pt x 134.26839pt.
 [76] [77<./snow.png>] [78] [79]

LaTeX Warning: Citation `deepR' on page 80 undefined on input line 3845.

[80] [81]
<sigmoid.png, id=329, 694.595pt x 729.72626pt>
File: sigmoid.png Graphic file (type png)
<use sigmoid.png>
Package luatex.def Info: sigmoid.png  used on input line 4000.
(luatex.def)             Requested size: 142.2657pt x 142.25708pt.
 [82<./sigmoid.png>] [83] [84] [85] (/usr/local/texlive/2020/texmf-dist/tex/generic/pgf/frontendlayer/tikz/libraries/tikzlibraryshapes.geometric.code.tex
File: tikzlibraryshapes.geometric.code.tex 2020/01/08 v3.1.5b (3.1.5b)
 (/usr/local/texlive/2020/texmf-dist/tex/generic/pgf/libraries/shapes/pgflibraryshapes.geometric.code.tex
File: pgflibraryshapes.geometric.code.tex 2020/01/08 v3.1.5b (3.1.5b)
))

LaTeX Warning: Citation `gb' on page 86 undefined on input line 4222.

[86] [87]

LaTeX Warning: Citation `wm' on page 88 undefined on input line 4356.

[88] [89] [90] [91
Missing character: There is no ’ (U+2019) in font ec-lmr10!
Missing character: There is no ’ (U+2019) in font ec-lmr10!
]
Underfull \vbox (badness 10000) has occurred while \output is active []

 [92] [93]
No file __latexindent_temp.bbl.
[94
Missing character: There is no Ἐ (U+1F18) in font grmn1000!
Missing character: There is no γ (U+03B3) in font grmn1000!
Missing character: There is no ὼ (U+1F7C) in font grmn1000!
Missing character: There is no τ (U+03C4) in font grmn1000!
Missing character: There is no ὸ (U+1F78) in font grmn1000!
Missing character: There is no Ἄ (U+1F0C) in font grmn1000!
Missing character: There is no λ (U+03BB) in font grmn1000!
Missing character: There is no φ (U+03C6) in font grmn1000!
Missing character: There is no α (U+03B1) in font grmn1000!
Missing character: There is no κ (U+03BA) in font grmn1000!
Missing character: There is no α (U+03B1) in font grmn1000!
Missing character: There is no ὶ (U+1F76) in font grmn1000!
Missing character: There is no τ (U+03C4) in font grmn1000!
Missing character: There is no ὸ (U+1F78) in font grmn1000!
Missing character: There is no ὁ (U+1F41) in font grmn1000!
Missing character: There is no π (U+03C0) in font grmn1000!
Missing character: There is no ρ (U+03C1) in font grmn1000!
Missing character: There is no ῶ (U+1FF6) in font grmn1000!
Missing character: There is no τ (U+03C4) in font grmn1000!
Missing character: There is no ο (U+03BF) in font grmn1000!
Missing character: There is no ς (U+03C2) in font grmn1000!
Missing character: There is no κ (U+03BA) in font grmn1000!
Missing character: There is no α (U+03B1) in font grmn1000!
Missing character: There is no ὶ (U+1F76) in font grmn1000!
Missing character: There is no ὁ (U+1F41) in font grmn1000!
Missing character: There is no ἔ (U+1F14) in font grmn1000!
Missing character: There is no σ (U+03C3) in font grmn1000!
Missing character: There is no χ (U+03C7) in font grmn1000!
Missing character: There is no α (U+03B1) in font grmn1000!
Missing character: There is no τ (U+03C4) in font grmn1000!
Missing character: There is no ο (U+03BF) in font grmn1000!
Missing character: There is no ς (U+03C2) in font grmn1000!
Missing character: There is no ἡ (U+1F21) in font grmn1000!
Missing character: There is no ἀ (U+1F00) in font grmn1000!
Missing character: There is no ρ (U+03C1) in font grmn1000!
Missing character: There is no χ (U+03C7) in font grmn1000!
Missing character: There is no ὴ (U+1F74) in font grmn1000!
Missing character: There is no κ (U+03BA) in font grmn1000!
Missing character: There is no α (U+03B1) in font grmn1000!
Missing character: There is no ὶ (U+1F76) in font grmn1000!
Missing character: There is no τ (U+03C4) in font grmn1000!
Missing character: There is no ὸ (U+1F78) in font grmn1000!
Missing character: There is no τ (U+03C4) in font grmn1000!
Missing character: There is no έ (U+1F73) in font grmn1000!
Missing character: There is no λ (U+03BB) in font grmn1000!
Missing character: There is no ο (U+03BF) in font grmn1000!
Missing character: There is no ς (U+03C2) in font grmn1000!
Missing character: There is no Ἄ (U+1F0C) in font grmn1000!
Missing character: There is no λ (U+03BB) in font grmn1000!
Missing character: There is no λ (U+03BB) in font grmn1000!
Missing character: There is no η (U+03B7) in font grmn1000!
Missing character: There is no ν (U+03BD) in font grmn1000!
Missing character: There is no π (U+03C0) in font grmn1000!
Missing character: There is no α (U+03B1) in font grmn1000!
Missing character: There is no ρ (U+03C1) in font grmn1000!
Missing character: There is no α (U+03B1) in font grmn1000!
Missing character: There is no β (U+03B2) in font grmn1000!
Missing character: There is no ο (U+03BF) in font grmn1000!
Missing character: There is no λ (U+03BB) in font grmn1000!
Missing character: There is no ὴ (U+1F74) in font grmn1000!
Missing character: There is no ν (U+03BD) in font grmn1000!
Missing character: There is no π (U+03C0) in font grmn1000!
Missing character: There is no α (U+03B1) in font grmn1000!
Missing character: There is no ρ (U+03C1) in font grmn1000!
Missing character: There is no έ (U+1F73) in font grmn1000!
Missing character: There is no θ (U+03B8) in font grmn1000!
Missing character: There is no η (U+03B7) in font grmn1000!
Missing character: There is no κ (U+03BA) in font grmn1000!
Missing character: There is no ε (U+03B5) in font grmn1000!
Missing character: There is no ν (U+03BD) in font grmn1000!
Missing character: There is no α (U+03B1) in font grmn1000!
Missing character: There is no ὐ (U+1F50) in font grmn1000!
Missing character: There is no τ (U+03C4) in font grmn1000!
Missing character: There is no ο (U+03BF) in font grmn1000!
Missing character: There is no ῖ (U+1FD6) in font grmn1000!
Missing character: There is no ς (U+03C2) in font grmn1000!
Missing character: There is no λ (U+03BB) in font grmn1000!
Missing character: There is no έ (U+1F73) in font grmn1000!
Missing character: There is no γ (U+03B3) in font grmn1000!
Missing character: There is no ω (U+03C9) in font grmn1000!
Missing character: There is no ν (U+03BD) in font grmn1000!
Missing character: There is no Ὁ (U+1F49) in font grmn1000!
Missing character: There is no μ (U+03BC) in font grmn1000!
Missing character: There is no ο (U+03BF) in font grmn1000!
Missing character: There is no ί (U+1F77) in font grmn1000!
Missing character: There is no α (U+03B1) in font grmn1000!
Missing character: There is no ἐ (U+1F10) in font grmn1000!
Missing character: There is no σ (U+03C3) in font grmn1000!
Missing character: There is no τ (U+03C4) in font grmn1000!
Missing character: There is no ὶ (U+1F76) in font grmn1000!
Missing character: There is no ν (U+03BD) in font grmn1000!
Missing character: There is no ἡ (U+1F21) in font grmn1000!
Missing character: There is no β (U+03B2) in font grmn1000!
Missing character: There is no α (U+03B1) in font grmn1000!
Missing character: There is no σ (U+03C3) in font grmn1000!
Missing character: There is no ι (U+03B9) in font grmn1000!
Missing character: There is no λ (U+03BB) in font grmn1000!
Missing character: There is no ε (U+03B5) in font grmn1000!
Missing character: There is no ί (U+1F77) in font grmn1000!
Missing character: There is no α (U+03B1) in font grmn1000!
Missing character: There is no τ (U+03C4) in font grmn1000!
Missing character: There is no ῶ (U+1FF6) in font grmn1000!
Missing character: There is no ν (U+03BD) in font grmn1000!
Missing character: There is no ο (U+03BF) in font grmn1000!
Missing character: There is no ὐ (U+1F50) in font grmn1000!
Missing character: There is no ρ (U+03C1) in font grmn1000!
Missing character: There is no α (U+03B1) in font grmn1000!
Missing character: There is no ν (U+03BD) in font grmn1000!
Missing character: There is no ῶ (U+1FF6) in font grmn1000!
Missing character: There is no ν (U+03BD) in font grmn1000!
Missing character: There is no κ (U+03BA) in font grmn1000!
Missing character: There is no ό (U+1F79) in font grmn1000!
Missing character: There is no κ (U+03BA) in font grmn1000!
Missing character: There is no κ (U+03BA) in font grmn1000!
Missing character: There is no ῳ (U+1FF3) in font grmn1000!
Missing character: There is no σ (U+03C3) in font grmn1000!
Missing character: There is no ι (U+03B9) in font grmn1000!
Missing character: There is no ν (U+03BD) in font grmn1000!
Missing character: There is no ά (U+1F71) in font grmn1000!
Missing character: There is no π (U+03C0) in font grmn1000!
Missing character: There is no ε (U+03B5) in font grmn1000!
Missing character: There is no ω (U+03C9) in font grmn1000!
Missing character: There is no ς (U+03C2) in font grmn1000!
Missing character: There is no ὃ (U+1F43) in font grmn1000!
Missing character: There is no ν (U+03BD) in font grmn1000!
Missing character: There is no λ (U+03BB) in font grmn1000!
Missing character: There is no α (U+03B1) in font grmn1000!
Missing character: There is no β (U+03B2) in font grmn1000!
Missing character: There is no ὼ (U+1F7C) in font grmn1000!
Missing character: There is no ν (U+03BD) in font grmn1000!
Missing character: There is no ἄ (U+1F04) in font grmn1000!
Missing character: There is no ν (U+03BD) in font grmn1000!
Missing character: There is no θ (U+03B8) in font grmn1000!
Missing character: There is no ρ (U+03C1) in font grmn1000!
Missing character: There is no ω (U+03C9) in font grmn1000!
Missing character: There is no π (U+03C0) in font grmn1000!
Missing character: There is no ο (U+03BF) in font grmn1000!
Missing character: There is no ς (U+03C2) in font grmn1000!
Missing character: There is no ἔ (U+1F14) in font grmn1000!
Missing character: There is no σ (U+03C3) in font grmn1000!
Missing character: There is no π (U+03C0) in font grmn1000!
Missing character: There is no ε (U+03B5) in font grmn1000!
Missing character: There is no ι (U+03B9) in font grmn1000!
Missing character: There is no ρ (U+03C1) in font grmn1000!
Missing character: There is no ε (U+03B5) in font grmn1000!
Missing character: There is no ν (U+03BD) in font grmn1000!
Missing character: There is no ἐ (U+1F10) in font grmn1000!
Missing character: There is no ν (U+03BD) in font grmn1000!
Missing character: There is no τ (U+03C4) in font grmn1000!
Missing character: There is no ῷ (U+1FF7) in font grmn1000!
Missing character: There is no ἀ (U+1F00) in font grmn1000!
Missing character: There is no γ (U+03B3) in font grmn1000!
Missing character: There is no ρ (U+03C1) in font grmn1000!
Missing character: There is no ῷ (U+1FF7) in font grmn1000!
Missing character: There is no α (U+03B1) in font grmn1000!
Missing character: There is no ὐ (U+1F50) in font grmn1000!
Missing character: There is no τ (U+03C4) in font grmn1000!
Missing character: There is no ο (U+03BF) in font grmn1000!
Missing character: There is no ῦ (U+1FE6) in font grmn1000!
Missing character: There is no ὃ (U+1F43) in font grmn1000!
Missing character: There is no μ (U+03BC) in font grmn1000!
Missing character: There is no ι (U+03B9) in font grmn1000!
Missing character: There is no κ (U+03BA) in font grmn1000!
Missing character: There is no ρ (U+03C1) in font grmn1000!
Missing character: There is no ό (U+1F79) in font grmn1000!
Missing character: There is no τ (U+03C4) in font grmn1000!
Missing character: There is no ε (U+03B5) in font grmn1000!
Missing character: There is no ρ (U+03C1) in font grmn1000!
Missing character: There is no ο (U+03BF) in font grmn1000!
Missing character: There is no ν (U+03BD) in font grmn1000!
Missing character: There is no μ (U+03BC) in font grmn1000!
Missing character: There is no έ (U+1F73) in font grmn1000!
Missing character: There is no ν (U+03BD) in font grmn1000!
Missing character: There is no ἐ (U+1F10) in font grmn1000!
Missing character: There is no σ (U+03C3) in font grmn1000!
Missing character: There is no τ (U+03C4) in font grmn1000!
Missing character: There is no ι (U+03B9) in font grmn1000!
Missing character: There is no ν (U+03BD) in font grmn1000!
Missing character: There is no π (U+03C0) in font grmn1000!
Missing character: There is no ά (U+1F71) in font grmn1000!
Missing character: There is no ν (U+03BD) in font grmn1000!
Missing character: There is no τ (U+03C4) in font grmn1000!
Missing character: There is no ω (U+03C9) in font grmn1000!
Missing character: There is no ν (U+03BD) in font grmn1000!
Missing character: There is no τ (U+03C4) in font grmn1000!
Missing character: There is no ῶ (U+1FF6) in font grmn1000!
Missing character: There is no ν (U+03BD) in font grmn1000!
Missing character: There is no σ (U+03C3) in font grmn1000!
Missing character: There is no π (U+03C0) in font grmn1000!
Missing character: There is no ε (U+03B5) in font grmn1000!
Missing character: There is no ρ (U+03C1) in font grmn1000!
Missing character: There is no μ (U+03BC) in font grmn1000!
Missing character: There is no ά (U+1F71) in font grmn1000!
Missing character: There is no τ (U+03C4) in font grmn1000!
Missing character: There is no ω (U+03C9) in font grmn1000!
Missing character: There is no ν (U+03BD) in font grmn1000!
Missing character: There is no ὅ (U+1F45) in font grmn1000!
Missing character: There is no τ (U+03C4) in font grmn1000!
Missing character: There is no α (U+03B1) in font grmn1000!
Missing character: There is no ν (U+03BD) in font grmn1000!
Missing character: There is no δ (U+03B4) in font grmn1000!
Missing character: There is no ὲ (U+1F72) in font grmn1000!
Missing character: There is no α (U+03B1) in font grmn1000!
Missing character: There is no ὐ (U+1F50) in font grmn1000!
Missing character: There is no ξ (U+03BE) in font grmn1000!
Missing character: There is no η (U+03B7) in font grmn1000!
Missing character: There is no θ (U+03B8) in font grmn1000!
Missing character: There is no ῇ (U+1FC7) in font grmn1000!
Missing character: There is no μ (U+03BC) in font grmn1000!
Missing character: There is no ε (U+03B5) in font grmn1000!
Missing character: There is no ῖ (U+1FD6) in font grmn1000!
Missing character: There is no ζ (U+03B6) in font grmn1000!
Missing character: There is no ο (U+03BF) in font grmn1000!
Missing character: There is no ν (U+03BD) in font grmn1000!
Missing character: There is no τ (U+03C4) in font grmn1000!
Missing character: There is no ῶ (U+1FF6) in font grmn1000!
Missing character: There is no ν (U+03BD) in font grmn1000!
Missing character: There is no λ (U+03BB) in font grmn1000!
Missing character: There is no α (U+03B1) in font grmn1000!
Missing character: There is no χ (U+03C7) in font grmn1000!
Missing character: There is no ά (U+1F71) in font grmn1000!
Missing character: There is no ν (U+03BD) in font grmn1000!
Missing character: There is no ω (U+03C9) in font grmn1000!
Missing character: There is no ν (U+03BD) in font grmn1000!
Missing character: There is no ἐ (U+1F10) in font grmn1000!
Missing character: There is no σ (U+03C3) in font grmn1000!
Missing character: There is no τ (U+03C4) in font grmn1000!
Missing character: There is no ί (U+1F77) in font grmn1000!
Missing character: There is no ν (U+03BD) in font grmn1000!
Missing character: There is no κ (U+03BA) in font grmn1000!
Missing character: There is no α (U+03B1) in font grmn1000!
Missing character: There is no ὶ (U+1F76) in font grmn1000!
Missing character: There is no γ (U+03B3) in font grmn1000!
Missing character: There is no ί (U+1F77) in font grmn1000!
Missing character: There is no ν (U+03BD) in font grmn1000!
Missing character: There is no ε (U+03B5) in font grmn1000!
Missing character: There is no τ (U+03C4) in font grmn1000!
Missing character: There is no α (U+03B1) in font grmn1000!
Missing character: There is no ι (U+03B9) in font grmn1000!
Missing character: There is no δ (U+03B4) in font grmn1000!
Missing character: There is no έ (U+1F73) in font grmn1000!
Missing character: There is no ν (U+03BD) in font grmn1000!
Missing character: There is no δ (U+03B4) in font grmn1000!
Missing character: There is no ρ (U+03C1) in font grmn1000!
Missing character: There is no ο (U+03BF) in font grmn1000!
Missing character: There is no ν (U+03BD) in font grmn1000!
Missing character: There is no ὥ (U+1F65) in font grmn1000!
Missing character: There is no σ (U+03C3) in font grmn1000!
Missing character: There is no τ (U+03C4) in font grmn1000!
Missing character: There is no ε (U+03B5) in font grmn1000!
Missing character: There is no ἐ (U+1F10) in font grmn1000!
Missing character: There is no λ (U+03BB) in font grmn1000!
Missing character: There is no θ (U+03B8) in font grmn1000!
Missing character: There is no ε (U+03B5) in font grmn1000!
Missing character: There is no ῖ (U+1FD6) in font grmn1000!
Missing character: There is no ν (U+03BD) in font grmn1000!
Missing character: There is no τ (U+03C4) in font grmn1000!
Missing character: There is no ὰ (U+1F70) in font grmn1000!
Missing character: There is no π (U+03C0) in font grmn1000!
Missing character: There is no ε (U+03B5) in font grmn1000!
Missing character: There is no τ (U+03C4) in font grmn1000!
Missing character: There is no ε (U+03B5) in font grmn1000!
Missing character: There is no ι (U+03B9) in font grmn1000!
Missing character: There is no ν (U+03BD) in font grmn1000!
Missing character: There is no ὰ (U+1F70) in font grmn1000!
Missing character: There is no τ (U+03C4) in font grmn1000!
Missing character: There is no ο (U+03BF) in font grmn1000!
Missing character: There is no ῦ (U+1FE6) in font grmn1000!
Missing character: There is no ο (U+03BF) in font grmn1000!
Missing character: There is no ὐ (U+1F50) in font grmn1000!
Missing character: There is no ρ (U+03C1) in font grmn1000!
Missing character: There is no α (U+03B1) in font grmn1000!
Missing character: There is no ν (U+03BD) in font grmn1000!
Missing character: There is no ο (U+03BF) in font grmn1000!
Missing character: There is no ῦ (U+1FE6) in font grmn1000!
Missing character: There is no κ (U+03BA) in font grmn1000!
Missing character: There is no α (U+03B1) in font grmn1000!
Missing character: There is no ὶ (U+1F76) in font grmn1000!
Missing character: There is no κ (U+03BA) in font grmn1000!
Missing character: There is no α (U+03B1) in font grmn1000!
Missing character: There is no τ (U+03C4) in font grmn1000!
Missing character: There is no α (U+03B1) in font grmn1000!
Missing character: There is no σ (U+03C3) in font grmn1000!
Missing character: There is no κ (U+03BA) in font grmn1000!
Missing character: There is no η (U+03B7) in font grmn1000!
Missing character: There is no ν (U+03BD) in font grmn1000!
Missing character: There is no ο (U+03BF) in font grmn1000!
Missing character: There is no ῦ (U+1FE6) in font grmn1000!
Missing character: There is no ν (U+03BD) in font grmn1000!
Missing character: There is no ἐ (U+1F10) in font grmn1000!
Missing character: There is no ν (U+03BD) in font grmn1000!
Missing character: There is no τ (U+03C4) in font grmn1000!
Missing character: There is no ο (U+03BF) in font grmn1000!
Missing character: There is no ῖ (U+1FD6) in font grmn1000!
Missing character: There is no ς (U+03C2) in font grmn1000!
Missing character: There is no κ (U+03BA) in font grmn1000!
Missing character: There is no λ (U+03BB) in font grmn1000!
Missing character: There is no ά (U+1F71) in font grmn1000!
Missing character: There is no δ (U+03B4) in font grmn1000!
Missing character: There is no ο (U+03BF) in font grmn1000!
Missing character: There is no ι (U+03B9) in font grmn1000!
Missing character: There is no ς (U+03C2) in font grmn1000!
Missing character: There is no α (U+03B1) in font grmn1000!
Missing character: There is no ὐ (U+1F50) in font grmn1000!
Missing character: There is no τ (U+03C4) in font grmn1000!
Missing character: There is no ο (U+03BF) in font grmn1000!
Missing character: There is no ῦ (U+1FE6) in font grmn1000!
] (./__latexindent_temp.aux)

LaTeX Warning: There were undefined references.

)

Here is how much of LuaTeX's memory you used:
 32429 strings out of 480885
 596088,2848258 words of node,token memory allocated
 7742 words of node memory still in use:
   11 hlist, 2 vlist, 2 rule, 5 dir, 277 glue, 4 kern, 1 penalty, 2 sub_mlist, 4 glyph, 2240 attribute, 56 glue_spec, 322 attribute_list, 2 write, 34 pdf_literal, 2 pdf_colorstack nodes
   avail lists: 1:4,2:177786,3:11123,4:87,5:503,6:44,7:11913,8:94,9:1177,10:19,11:280
 49130 multiletter control sequences out of 65536+600000
 121 fonts using 10024739 bytes
 60i,24n,71p,777b,1806s stack positions out of 5000i,500n,10000p,200000b,100000s
{/usr/local/texlive/2020/texmf-dist/fonts/enc/dvips/lm/lm-rm.enc}{/usr/local/texlive/2020/texmf-dist/fonts/enc/dvips/lm/lm-mathsy.enc}{/usr/local/texlive/2020/texmf-dist/fonts/enc/dvips/lm/lm-mathit.enc}<<./snow.600pk>>{/usr/local/texlive/2020/texmf-dist/fonts/enc/dvips/lm/lm-ec.enc}<<./beta.600pk>>{/usr/local/texlive/2020/texmf-dist/fonts/enc/dvips/lm/lm-mathex.enc}</usr/local/texlive/2020/texmf-dist/fonts/type1/public/cbfonts/grmn1000.pfb></usr/local/texlive/2020/texmf-dist/fonts/type1/public/lm/lmbx10.pfb></usr/local/texlive/2020/texmf-dist/fonts/type1/public/lm/lmbx12.pfb></usr/local/texlive/2020/texmf-dist/fonts/type1/public/lm/lmbxi10.pfb></usr/local/texlive/2020/texmf-dist/fonts/type1/public/lm/lmcsc10.pfb></usr/local/texlive/2020/texmf-dist/fonts/type1/public/lm/lmex10.pfb></usr/local/texlive/2020/texmf-dist/fonts/type1/public/lm/lmmi10.pfb></usr/local/texlive/2020/texmf-dist/fonts/type1/public/lm/lmmi12.pfb></usr/local/texlive/2020/texmf-dist/fonts/type1/public/lm/lmmi6.pfb></usr/local/texlive/2020/texmf-dist/fonts/type1/public/lm/lmmi8.pfb></usr/local/texlive/2020/texmf-dist/fonts/type1/public/lm/lmmi9.pfb></usr/local/texlive/2020/texmf-dist/fonts/type1/public/lm/lmr10.pfb></usr/local/texlive/2020/texmf-dist/fonts/type1/public/lm/lmr12.pfb></usr/local/texlive/2020/texmf-dist/fonts/type1/public/lm/lmr17.pfb></usr/local/texlive/2020/texmf-dist/fonts/type1/public/lm/lmr6.pfb></usr/local/texlive/2020/texmf-dist/fonts/type1/public/lm/lmr8.pfb></usr/local/texlive/2020/texmf-dist/fonts/type1/public/lm/lmr9.pfb></usr/local/texlive/2020/texmf-dist/fonts/type1/public/lm/lmri10.pfb></usr/local/texlive/2020/texmf-dist/fonts/type1/public/lm/lmsy10.pfb></usr/local/texlive/2020/texmf-dist/fonts/type1/public/lm/lmsy6.pfb></usr/local/texlive/2020/texmf-dist/fonts/type1/public/lm/lmsy8.pfb></usr/local/texlive/2020/texmf-dist/fonts/type1/public/lm/lmsy9.pfb></usr/local/texlive/2020/texmf-dist/fonts/type1/public/lm/lmtt10.pfb></usr/local/texlive/2020/texmf-dist/fonts/type1/public/lm/lmtt9.pfb></usr/local/texlive/2020/texmf-dist/fonts/type1/hoekwater/mflogo-font/logo10.pfb></usr/local/texlive/2020/texmf-dist/fonts/type1/hoekwater/mflogo-font/logod10.pfb></usr/local/texlive/2020/texmf-dist/fonts/type1/public/amsfonts/symbols/msam10.pfb></usr/local/texlive/2020/texmf-dist/fonts/type1/public/amsfonts/symbols/msbm10.pfb>
Output written on __latexindent_temp.pdf (94 pages, 10638972 bytes).

PDF statistics: 480 PDF objects out of 1000 (max. 8388607)
 326 compressed objects within 4 object streams
 0 named destinations out of 1000 (max. 131072)
 21 words of extra memory for PDF output out of 10000 (max. 100000000)

