\BOOKMARK [0][-]{chapter.1}{Le -calcul et la r\351duction}{}% 1
\BOOKMARK [1][-]{section.1.1}{D\351finition, champ lexical et syntaxique}{chapter.1}% 2
\BOOKMARK [2][-]{subsection.1.1.1}{Analyse lexicale avec ocamllex}{section.1.1}% 3
\BOOKMARK [2][-]{subsection.1.1.2}{Analyse syntaxique avec menhir}{section.1.1}% 4
\BOOKMARK [2][-]{subsection.1.1.3}{Impl\351mentation du parsing en mode r\351cursif descendant}{section.1.1}% 5
\BOOKMARK [1][-]{section.1.2}{Repr\351sentation en ML}{chapter.1}% 6
\BOOKMARK [1][-]{section.1.3}{D\351monstration de la confluence du -calcul}{chapter.1}% 7
\BOOKMARK [2][-]{subsection.1.3.1}{La restriction ' du -calcul}{section.1.3}% 8
\BOOKMARK [2][-]{subsection.1.3.2}{La d\351monstration}{section.1.3}% 9
\BOOKMARK [2][-]{subsection.1.3.3}{Un exemple}{section.1.3}% 10
\BOOKMARK [2][-]{subsection.1.3.4}{La -r\351duction parall\350le}{section.1.3}% 11
\BOOKMARK [1][-]{section.1.4}{La -r\351duction faible avec appel par valeur}{chapter.1}% 12
\BOOKMARK [1][-]{section.1.5}{R\351cursivit\351 et points fixes}{chapter.1}% 13
\BOOKMARK [2][-]{subsection.1.5.1}{Le point fixe du -calcul}{section.1.5}% 14
\BOOKMARK [2][-]{subsection.1.5.2}{La diagonale de Cantor}{section.1.5}% 15
\BOOKMARK [2][-]{subsection.1.5.3}{Le point fixe logique et le th\351or\350me d'incompl\351tude de G\366del}{section.1.5}% 16
\BOOKMARK [1][-]{section.1.6}{Church encoding. Les entiers et les bool\351ens en -calcul}{chapter.1}% 17
\BOOKMARK [2][-]{subsection.1.6.1}{Les entiers Church }{section.1.6}% 18
\BOOKMARK [2][-]{subsection.1.6.2}{Les bool\351ens }{section.1.6}% 19
\BOOKMARK [2][-]{subsection.1.6.3}{La fonction factorielle}{section.1.6}% 20
\BOOKMARK [1][-]{section.1.7}{La notation de de Bruijn}{chapter.1}% 21
\BOOKMARK [0][-]{chapter.2}{Le -calcul simplement typ\351 et les Pure Type Systems}{}% 22
\BOOKMARK [1][-]{section.2.1}{Le -calcul simplement typ\351}{chapter.2}% 23
\BOOKMARK [2][-]{subsection.2.1.1}{Pr\351sentation}{section.2.1}% 24
\BOOKMARK [2][-]{subsection.2.1.2}{Impl\351mentation en COQ}{section.2.1}% 25
\BOOKMARK [2][-]{subsection.2.1.3}{Inf\351rence de type}{section.2.1}% 26
\BOOKMARK [1][-]{section.2.2}{Les Pure Type Systems}{chapter.2}% 27
\BOOKMARK [2][-]{subsection.2.2.1}{Introduction}{section.2.2}% 28
\BOOKMARK [2][-]{subsection.2.2.2}{MiniCOQ}{section.2.2}% 29
\BOOKMARK [2][-]{subsection.2.2.3}{Le \040logique}{section.2.2}% 30
\BOOKMARK [2][-]{subsection.2.2.4}{L'\351galit\351}{section.2.2}% 31
\BOOKMARK [2][-]{subsection.2.2.5}{Le faux}{section.2.2}% 32
\BOOKMARK [2][-]{subsection.2.2.6}{Le point fixe}{section.2.2}% 33
\BOOKMARK [2][-]{subsection.2.2.7}{La logique classique}{section.2.2}% 34
\BOOKMARK [0][-]{chapter.3}{L'interpr\351tation}{}% 35
\BOOKMARK [1][-]{section.3.1}{Introduction}{chapter.3}% 36
\BOOKMARK [1][-]{section.3.2}{Un interpr\350te MiniScheme avec OCAML}{chapter.3}% 37
\BOOKMARK [2][-]{subsection.3.2.1}{L'\351valuation}{section.3.2}% 38
\BOOKMARK [2][-]{subsection.3.2.2}{Les \351tapes Read, Eval, Print}{section.3.2}% 39
\BOOKMARK [2][-]{subsection.3.2.3}{Liaison lexicale vs liaison dynamique}{section.3.2}% 40
\BOOKMARK [2][-]{subsection.3.2.4}{Gestion de l'environnement}{section.3.2}% 41
\BOOKMARK [1][-]{section.3.3}{Un interpr\350te LISP avec le nouvel interpr\350te MiniScheme \203}{chapter.3}% 42
\BOOKMARK [1][-]{section.3.4}{L'auto-interpr\351tation de l'interpr\350te}{chapter.3}% 43
\BOOKMARK [2][-]{subsection.3.4.1}{La tour de Babel}{section.3.4}% 44
\BOOKMARK [2][-]{subsection.3.4.2}{R\351ification et r\351flexion}{section.3.4}% 45
\BOOKMARK [0][-]{chapter.4}{La compilation}{}% 46
\BOOKMARK [1][-]{section.4.1}{Compilation des -termes en termes applicatifs}{chapter.4}% 47
\BOOKMARK [1][-]{section.4.2}{Compilation basique vers une machine \340 pile}{chapter.4}% 48
\BOOKMARK [2][-]{subsection.4.2.1}{Certification de la compilation avec le langage COQ}{section.4.2}% 49
\BOOKMARK [1][-]{section.4.3}{Compilation du LISP vers une machine abstraite}{chapter.4}% 50
\BOOKMARK [0][-]{chapter.5}{La r\351solution}{}% 51
\BOOKMARK [1][-]{section.5.1}{Repr\351sentation des termes finis}{chapter